--- Copying files at Thu Jan 31 19:43:40 UTC 2019
INSTALLED init.groovy.d/init-docker-registry-env.groovy
INSTALLED init.groovy.d/tcp-slave-agent-port.groovy
INSTALLED plugins/blueocean-jira.jpi : 1.9.0
INSTALLED plugins/pipeline-stage-view.jpi : 2.10
INSTALLED plugins/sse-gateway.jpi : 1.16
INSTALLED plugins/git-server.jpi : 1.7
INSTALLED plugins/durable-task.jpi : 1.28
INSTALLED plugins/pipeline-input-step.jpi : 2.8
INSTALLED plugins/token-macro.jpi : 2.5
INSTALLED plugins/blueocean-commons.jpi : 1.9.0
INSTALLED plugins/github.jpi : 1.29.3
INSTALLED plugins/ws-cleanup.jpi : 0.36
INSTALLED plugins/ant.jpi : 1.9
INSTALLED plugins/handlebars.jpi : 1.1.1
INSTALLED plugins/blueocean-rest-impl.jpi : 1.9.0
INSTALLED plugins/kubernetes-credentials-provider.jpi : 0.11
INSTALLED plugins/cloudbees-folder.jpi : 6.7
INSTALLED plugins/blueocean-i18n.jpi : 1.9.0
INSTALLED plugins/momentjs.jpi : 1.1.1
INSTALLED plugins/lockable-resources.jpi : 2.3
INSTALLED plugins/gradle.jpi : 1.29
INSTALLED plugins/config-file-provider.jpi : 3.4.1
INSTALLED plugins/gitea.jpi : 1.0.8
INSTALLED plugins/blueocean-github-pipeline.jpi : 1.9.0
INSTALLED plugins/script-security.jpi : 1.49
INSTALLED plugins/jira.jpi : 3.0.5
INSTALLED plugins/handy-uri-templates-2-api.jpi : 2.1.6-1.0
INSTALLED plugins/docker-commons.jpi : 1.13
INSTALLED plugins/workflow-cps.jpi : 2.61
INSTALLED plugins/blueocean-dashboard.jpi : 1.9.0
INSTALLED plugins/bouncycastle-api.jpi : 2.17
INSTALLED plugins/jquery-detached.jpi : 1.2.1
INSTALLED plugins/plain-credentials.jpi : 1.4
INSTALLED plugins/artifactory.jpi : 2.16.2
INSTALLED plugins/git-client.jpi : 2.7.4
INSTALLED plugins/ivy.jpi : 1.28
INSTALLED plugins/pipeline-model-extensions.jpi : 1.3.3
INSTALLED plugins/kubernetes-credentials.jpi : 0.4.0
INSTALLED plugins/ace-editor.jpi : 1.1
INSTALLED plugins/htmlpublisher.jpi : 1.17
INSTALLED plugins/blueocean-core-js.jpi : 1.9.0
INSTALLED plugins/pipeline-stage-tags-metadata.jpi : 1.3.3
INSTALLED plugins/command-launcher.jpi : 1.2
INSTALLED plugins/javadoc.jpi : 1.4
INSTALLED plugins/maven-plugin.jpi : 3.2
INSTALLED plugins/mercurial.jpi : 2.4
INSTALLED plugins/blueocean.jpi : 1.9.0
INSTALLED plugins/workflow-durable-task-step.jpi : 2.26
INSTALLED plugins/gitlab-plugin.jpi : 1.5.11
INSTALLED plugins/mailer.jpi : 1.22
INSTALLED plugins/git.jpi : 3.9.1
INSTALLED plugins/credentials-binding.jpi : 1.17
INSTALLED plugins/configuration-as-code.jpi : 1.3
INSTALLED plugins/blueocean-personalization.jpi : 1.9.0
INSTALLED plugins/blueocean-pipeline-scm-api.jpi : 1.9.0
INSTALLED plugins/blueocean-jwt.jpi : 1.9.0
INSTALLED plugins/workflow-multibranch.jpi : 2.20
INSTALLED plugins/variant.jpi : 1.1
INSTALLED plugins/kubernetes.jpi : 1.13.7
INSTALLED plugins/blueocean-autofavorite.jpi : 1.2.2
INSTALLED plugins/pipeline-model-declarative-agent.jpi : 1.1.1
INSTALLED plugins/cloudbees-bitbucket-branch-source.jpi : 2.4.0
INSTALLED plugins/workflow-basic-steps.jpi : 2.13
INSTALLED plugins/pipeline-rest-api.jpi : 2.10
INSTALLED plugins/matrix-project.jpi : 1.13
INSTALLED plugins/workflow-aggregator.jpi : 2.6
INSTALLED plugins/pipeline-graph-analysis.jpi : 1.9
INSTALLED plugins/pubsub-light.jpi : 1.12
INSTALLED plugins/junit.jpi : 1.26.1
INSTALLED plugins/blueocean-pipeline-api-impl.jpi : 1.9.0
INSTALLED plugins/blueocean-web.jpi : 1.9.0
INSTALLED plugins/support-core.jpi : 2.52
INSTALLED plugins/scm-api.jpi : 2.3.0
INSTALLED plugins/ssh-credentials.jpi : 1.14
INSTALLED plugins/pipeline-model-definition.jpi : 1.3.3
INSTALLED plugins/blueocean-events.jpi : 1.9.0
INSTALLED plugins/credentials.jpi : 2.1.18
INSTALLED plugins/apache-httpcomponents-client-4-api.jpi : 4.5.5-3.0
INSTALLED plugins/workflow-api.jpi : 2.33
INSTALLED plugins/authentication-tokens.jpi : 1.3
INSTALLED plugins/blueocean-git-pipeline.jpi : 1.9.0
INSTALLED plugins/workflow-job.jpi : 2.30
INSTALLED plugins/branch-api.jpi : 2.1.2
INSTALLED plugins/workflow-scm-step.jpi : 2.7
INSTALLED plugins/jsch.jpi : 0.1.54.2
INSTALLED plugins/blueocean-pipeline-editor.jpi : 1.9.0
INSTALLED plugins/pipeline-model-api.jpi : 1.3.3
INSTALLED plugins/github-api.jpi : 1.95
INSTALLED plugins/workflow-step-api.jpi : 2.17
INSTALLED plugins/workflow-cps-global-lib.jpi : 2.12
INSTALLED plugins/jackson2-api.jpi : 2.9.8
INSTALLED plugins/display-url-api.jpi : 2.3.0
INSTALLED plugins/structs.jpi : 1.17
INSTALLED plugins/blueocean-config.jpi : 1.9.0
INSTALLED plugins/blueocean-rest.jpi : 1.9.0
INSTALLED plugins/pipeline-milestone-step.jpi : 1.3.1
INSTALLED plugins/pipeline-stage-step.jpi : 2.3
INSTALLED plugins/docker-workflow.jpi : 1.17
INSTALLED plugins/pipeline-build-step.jpi : 2.7
INSTALLED plugins/github-branch-source.jpi : 2.4.1
INSTALLED plugins/jx-resources.jpi : 1.0.24
INSTALLED plugins/resource-disposer.jpi : 0.12
INSTALLED plugins/favorite.jpi : 2.3.2
INSTALLED plugins/jenkins-design-language.jpi : 1.9.0
INSTALLED plugins/metrics.jpi : 4.0.2.2
INSTALLED plugins/blueocean-bitbucket-pipeline.jpi : 1.9.0
INSTALLED plugins/blueocean-display-url.jpi : 2.2.0
INSTALLED plugins/workflow-support.jpi : 2.23
INSTALLED plugins/simple-theme-plugin.jpi : 0.5.1
INSTALLED plugins.txt
INSTALLED jenkins.install.UpgradeWizard.state
--- Copying files at Thu Jan 31 20:27:41 UTC 2019
SKIPPED plugins/ws-cleanup.jpi : Installed version (0.37) has been manually upgraded from initial version (0.36)
SKIPPED plugins/gradle.jpi : Installed version (1.30) has been manually upgraded from initial version (1.29)
SKIPPED plugins/git-client.jpi : Installed version (3.0.0-rc) has been manually upgraded from initial version (2.7.4)
SKIPPED plugins/mailer.jpi : Installed version (1.23) has been manually upgraded from initial version (1.22)
SKIPPED plugins/git.jpi : Installed version (4.0.0-rc) has been manually upgraded from initial version (3.9.1)
SKIPPED plugins/github-branch-source.jpi : Installed version (2.4.2) has been manually upgraded from initial version (2.4.1)
