2019-01-31 20:28:23.105+0000 [id=31]	INFO	jenkins.InitReactorRunner$1#onAttained: Prepared all plugins
2019-01-31 20:28:23.831+0000 [id=31]	WARNING	i.f.kubernetes.client.Config#tryServiceAccount: Error reading service account token from: [/var/run/secrets/kubernetes.io/serviceaccount/token]. Ignoring.
2019-01-31 20:28:23.987+0000 [id=27]	INFO	jenkins.InitReactorRunner$1#onAttained: Started all plugins
2019-01-31 20:28:27.483+0000 [id=31]	SEVERE	c.c.j.p.k.KubernetesCredentialProvider#startWatchingForSecrets: Failed to initialise k8s secret provider, secrets from Kubernetes will not be available
java.net.UnknownHostException: kubernetes.default.svc: Name or service not known
	at java.net.Inet4AddressImpl.lookupAllHostAddr(Native Method)
	at java.net.InetAddress$2.lookupAllHostAddr(InetAddress.java:929)
	at java.net.InetAddress.getAddressesFromNameService(InetAddress.java:1324)
	at java.net.InetAddress.getAllByName0(InetAddress.java:1277)
	at java.net.InetAddress.getAllByName(InetAddress.java:1193)
	at java.net.InetAddress.getAllByName(InetAddress.java:1127)
	at okhttp3.Dns$1.lookup(Dns.java:40)
	at okhttp3.internal.connection.RouteSelector.resetNextInetSocketAddress(RouteSelector.java:185)
	at okhttp3.internal.connection.RouteSelector.nextProxy(RouteSelector.java:149)
	at okhttp3.internal.connection.RouteSelector.next(RouteSelector.java:84)
	at okhttp3.internal.connection.StreamAllocation.findConnection(StreamAllocation.java:213)
	at okhttp3.internal.connection.StreamAllocation.findHealthyConnection(StreamAllocation.java:134)
	at okhttp3.internal.connection.StreamAllocation.newStream(StreamAllocation.java:113)
	at okhttp3.internal.connection.ConnectInterceptor.intercept(ConnectInterceptor.java:42)
	at okhttp3.internal.http.RealInterceptorChain.proceed(RealInterceptorChain.java:147)
	at okhttp3.internal.http.RealInterceptorChain.proceed(RealInterceptorChain.java:121)
	at okhttp3.internal.cache.CacheInterceptor.intercept(CacheInterceptor.java:93)
	at okhttp3.internal.http.RealInterceptorChain.proceed(RealInterceptorChain.java:147)
	at okhttp3.internal.http.RealInterceptorChain.proceed(RealInterceptorChain.java:121)
	at okhttp3.internal.http.BridgeInterceptor.intercept(BridgeInterceptor.java:93)
	at okhttp3.internal.http.RealInterceptorChain.proceed(RealInterceptorChain.java:147)
	at okhttp3.internal.http.RetryAndFollowUpInterceptor.intercept(RetryAndFollowUpInterceptor.java:125)
	at okhttp3.internal.http.RealInterceptorChain.proceed(RealInterceptorChain.java:147)
	at okhttp3.internal.http.RealInterceptorChain.proceed(RealInterceptorChain.java:121)
	at io.fabric8.kubernetes.client.utils.ImpersonatorInterceptor.intercept(ImpersonatorInterceptor.java:54)
	at okhttp3.internal.http.RealInterceptorChain.proceed(RealInterceptorChain.java:147)
	at okhttp3.internal.http.RealInterceptorChain.proceed(RealInterceptorChain.java:121)
	at io.fabric8.kubernetes.client.utils.HttpClientUtils$2.intercept(HttpClientUtils.java:95)
	at okhttp3.internal.http.RealInterceptorChain.proceed(RealInterceptorChain.java:147)
	at okhttp3.internal.http.RealInterceptorChain.proceed(RealInterceptorChain.java:121)
	at okhttp3.RealCall.getResponseWithInterceptorChain(RealCall.java:200)
	at okhttp3.RealCall.execute(RealCall.java:77)
	at io.fabric8.kubernetes.client.dsl.base.OperationSupport.handleResponse(OperationSupport.java:377)
	at io.fabric8.kubernetes.client.dsl.base.OperationSupport.handleResponse(OperationSupport.java:343)
	at io.fabric8.kubernetes.client.dsl.base.OperationSupport.handleResponse(OperationSupport.java:327)
	at io.fabric8.kubernetes.client.dsl.base.BaseOperation.list(BaseOperation.java:605)
Caused: io.fabric8.kubernetes.client.KubernetesClientException: Operation: [list]  for kind: [Secret]  with name: [null]  in namespace: [null]  failed.
	at io.fabric8.kubernetes.client.KubernetesClientException.launderThrowable(KubernetesClientException.java:62)
	at io.fabric8.kubernetes.client.KubernetesClientException.launderThrowable(KubernetesClientException.java:71)
	at io.fabric8.kubernetes.client.dsl.base.BaseOperation.list(BaseOperation.java:609)
	at io.fabric8.kubernetes.client.dsl.base.BaseOperation.list(BaseOperation.java:70)
	at com.cloudbees.jenkins.plugins.kubernetes_credentials_provider.KubernetesCredentialProvider.startWatchingForSecrets(KubernetesCredentialProvider.java:84)
	at sun.reflect.NativeMethodAccessorImpl.invoke0(Native Method)
	at sun.reflect.NativeMethodAccessorImpl.invoke(NativeMethodAccessorImpl.java:62)
	at sun.reflect.DelegatingMethodAccessorImpl.invoke(DelegatingMethodAccessorImpl.java:43)
	at java.lang.reflect.Method.invoke(Method.java:498)
	at hudson.init.TaskMethodFinder.invoke(TaskMethodFinder.java:104)
	at hudson.init.TaskMethodFinder$TaskImpl.run(TaskMethodFinder.java:175)
	at org.jvnet.hudson.reactor.Reactor.runTask(Reactor.java:296)
	at jenkins.model.Jenkins$5.runTask(Jenkins.java:1083)
	at org.jvnet.hudson.reactor.Reactor$2.run(Reactor.java:214)
	at org.jvnet.hudson.reactor.Reactor$Node.run(Reactor.java:117)
	at java.util.concurrent.ThreadPoolExecutor.runWorker(ThreadPoolExecutor.java:1149)
	at java.util.concurrent.ThreadPoolExecutor$Worker.run(ThreadPoolExecutor.java:624)
	at java.lang.Thread.run(Thread.java:748)
2019-01-31 20:28:29.244+0000 [id=29]	INFO	h.ExtensionFinder$GuiceFinder$FaultTolerantScope$1#error: Failed to instantiate optional component hudson.plugins.build_timeout.operations.AbortAndRestartOperation$DescriptorImpl; skipping
2019-01-31 20:28:29.608+0000 [id=29]	WARNING	h.ExtensionFinder$GuiceFinder$FaultTolerantScope$1#error: Failed to instantiate Key[type=org.jenkinsci.plugins.jx.resources.GlobalPluginConfiguration, annotation=[none]]; skipping this component
java.lang.ClassNotFoundException: org.joda.time.ReadableInstant
	at jenkins.util.AntClassLoader.findClassInComponents(AntClassLoader.java:1374)
	at jenkins.util.AntClassLoader.findClass(AntClassLoader.java:1327)
	at jenkins.util.AntClassLoader.loadClass(AntClassLoader.java:1080)
	at java.lang.ClassLoader.loadClass(ClassLoader.java:357)
Caused: java.lang.NoClassDefFoundError: org/joda/time/ReadableInstant
	at org.jenkinsci.plugins.jx.resources.GlobalPluginConfiguration.configChange(GlobalPluginConfiguration.java:92)
	at org.jenkinsci.plugins.jx.resources.GlobalPluginConfiguration.<init>(GlobalPluginConfiguration.java:41)
	at org.jenkinsci.plugins.jx.resources.GlobalPluginConfiguration$$FastClassByGuice$$4eb53f01.newInstance(<generated>)
	at com.google.inject.internal.cglib.reflect.$FastConstructor.newInstance(FastConstructor.java:40)
	at com.google.inject.internal.DefaultConstructionProxyFactory$1.newInstance(DefaultConstructionProxyFactory.java:61)
	at com.google.inject.internal.ConstructorInjector.provision(ConstructorInjector.java:105)
	at com.google.inject.internal.ConstructorInjector.access$000(ConstructorInjector.java:32)
	at com.google.inject.internal.ConstructorInjector$1.call(ConstructorInjector.java:89)
	at com.google.inject.internal.ProvisionListenerStackCallback$Provision.provision(ProvisionListenerStackCallback.java:115)
	at hudson.ExtensionFinder$GuiceFinder$SezpozModule.onProvision(ExtensionFinder.java:567)
	at com.google.inject.internal.ProvisionListenerStackCallback$Provision.provision(ProvisionListenerStackCallback.java:126)
	at com.google.inject.internal.ProvisionListenerStackCallback.provision(ProvisionListenerStackCallback.java:68)
	at com.google.inject.internal.ConstructorInjector.construct(ConstructorInjector.java:87)
	at com.google.inject.internal.ConstructorBindingImpl$Factory.get(ConstructorBindingImpl.java:267)
	at com.google.inject.internal.ProviderToInternalFactoryAdapter$1.call(ProviderToInternalFactoryAdapter.java:46)
	at com.google.inject.internal.InjectorImpl.callInContext(InjectorImpl.java:1103)
	at com.google.inject.internal.ProviderToInternalFactoryAdapter.get(ProviderToInternalFactoryAdapter.java:40)
Caused: com.google.inject.ProvisionException: Unable to provision, see the following errors:

1) Error injecting constructor, java.lang.NoClassDefFoundError: org/joda/time/ReadableInstant
  at org.jenkinsci.plugins.jx.resources.GlobalPluginConfiguration.<init>(GlobalPluginConfiguration.java:39)

1 error
	at com.google.inject.internal.ProviderToInternalFactoryAdapter.get(ProviderToInternalFactoryAdapter.java:52)
	at com.google.inject.internal.SingletonScope$1.get(SingletonScope.java:145)
	at hudson.ExtensionFinder$GuiceFinder$FaultTolerantScope$1.get(ExtensionFinder.java:440)
	at com.google.inject.internal.InternalFactoryToProviderAdapter.get(InternalFactoryToProviderAdapter.java:41)
	at com.google.inject.internal.InjectorImpl$2$1.call(InjectorImpl.java:1016)
	at com.google.inject.internal.InjectorImpl.callInContext(InjectorImpl.java:1092)
	at com.google.inject.internal.InjectorImpl$2.get(InjectorImpl.java:1012)
	at hudson.ExtensionFinder$GuiceFinder._find(ExtensionFinder.java:402)
	at hudson.ExtensionFinder$GuiceFinder.find(ExtensionFinder.java:393)
	at hudson.ClassicPluginStrategy.findComponents(ClassicPluginStrategy.java:494)
	at hudson.ExtensionList.load(ExtensionList.java:380)
	at hudson.ExtensionList.ensureLoaded(ExtensionList.java:318)
	at hudson.ExtensionList.iterator(ExtensionList.java:172)
	at jenkins.model.Jenkins.getDescriptor(Jenkins.java:1515)
	at com.dabsquared.gitlabjenkins.connection.GitLabConnection.migrate(GitLabConnection.java:151)
	at sun.reflect.NativeMethodAccessorImpl.invoke0(Native Method)
	at sun.reflect.NativeMethodAccessorImpl.invoke(NativeMethodAccessorImpl.java:62)
	at sun.reflect.DelegatingMethodAccessorImpl.invoke(DelegatingMethodAccessorImpl.java:43)
	at java.lang.reflect.Method.invoke(Method.java:498)
	at hudson.init.TaskMethodFinder.invoke(TaskMethodFinder.java:104)
	at hudson.init.TaskMethodFinder$TaskImpl.run(TaskMethodFinder.java:175)
	at org.jvnet.hudson.reactor.Reactor.runTask(Reactor.java:296)
	at jenkins.model.Jenkins$5.runTask(Jenkins.java:1083)
	at org.jvnet.hudson.reactor.Reactor$2.run(Reactor.java:214)
	at org.jvnet.hudson.reactor.Reactor$Node.run(Reactor.java:117)
	at java.util.concurrent.ThreadPoolExecutor.runWorker(ThreadPoolExecutor.java:1149)
	at java.util.concurrent.ThreadPoolExecutor$Worker.run(ThreadPoolExecutor.java:624)
	at java.lang.Thread.run(Thread.java:748)
2019-01-31 20:28:29.635+0000 [id=29]	INFO	h.ExtensionFinder$GuiceFinder$FaultTolerantScope$1#error: Failed to instantiate optional component org.jenkinsci.plugins.kubernetes.credentials.FileSystemServiceAccountCredential$DescriptorImpl; skipping
2019-01-31 20:28:30.765+0000 [id=30]	WARNING	h.ExtensionFinder$GuiceFinder$FaultTolerantScope$1#error: Failed to instantiate Key[type=org.jenkinsci.plugins.jx.resources.GlobalPluginConfiguration, annotation=[none]]; skipping this component
java.lang.ClassNotFoundException: org.joda.time.ReadableInstant
	at jenkins.util.AntClassLoader.findClassInComponents(AntClassLoader.java:1374)
	at jenkins.util.AntClassLoader.findClass(AntClassLoader.java:1327)
	at jenkins.util.AntClassLoader.loadClass(AntClassLoader.java:1080)
	at java.lang.ClassLoader.loadClass(ClassLoader.java:357)
Caused: java.lang.NoClassDefFoundError: org/joda/time/ReadableInstant
	at org.jenkinsci.plugins.jx.resources.GlobalPluginConfiguration.configChange(GlobalPluginConfiguration.java:92)
	at org.jenkinsci.plugins.jx.resources.GlobalPluginConfiguration.<init>(GlobalPluginConfiguration.java:41)
	at org.jenkinsci.plugins.jx.resources.GlobalPluginConfiguration$$FastClassByGuice$$4eb53f01.newInstance(<generated>)
	at com.google.inject.internal.cglib.reflect.$FastConstructor.newInstance(FastConstructor.java:40)
	at com.google.inject.internal.DefaultConstructionProxyFactory$1.newInstance(DefaultConstructionProxyFactory.java:61)
	at com.google.inject.internal.ConstructorInjector.provision(ConstructorInjector.java:105)
	at com.google.inject.internal.ConstructorInjector.access$000(ConstructorInjector.java:32)
	at com.google.inject.internal.ConstructorInjector$1.call(ConstructorInjector.java:89)
	at com.google.inject.internal.ProvisionListenerStackCallback$Provision.provision(ProvisionListenerStackCallback.java:115)
	at hudson.ExtensionFinder$GuiceFinder$SezpozModule.onProvision(ExtensionFinder.java:567)
	at com.google.inject.internal.ProvisionListenerStackCallback$Provision.provision(ProvisionListenerStackCallback.java:126)
	at com.google.inject.internal.ProvisionListenerStackCallback.provision(ProvisionListenerStackCallback.java:68)
	at com.google.inject.internal.ConstructorInjector.construct(ConstructorInjector.java:87)
	at com.google.inject.internal.ConstructorBindingImpl$Factory.get(ConstructorBindingImpl.java:267)
	at com.google.inject.internal.ProviderToInternalFactoryAdapter$1.call(ProviderToInternalFactoryAdapter.java:46)
	at com.google.inject.internal.InjectorImpl.callInContext(InjectorImpl.java:1103)
	at com.google.inject.internal.ProviderToInternalFactoryAdapter.get(ProviderToInternalFactoryAdapter.java:40)
Caused: com.google.inject.ProvisionException: Unable to provision, see the following errors:

1) Error injecting constructor, java.lang.NoClassDefFoundError: org/joda/time/ReadableInstant
  at org.jenkinsci.plugins.jx.resources.GlobalPluginConfiguration.<init>(GlobalPluginConfiguration.java:39)

1 error
	at com.google.inject.internal.ProviderToInternalFactoryAdapter.get(ProviderToInternalFactoryAdapter.java:52)
	at com.google.inject.internal.SingletonScope$1.get(SingletonScope.java:145)
	at hudson.ExtensionFinder$GuiceFinder$FaultTolerantScope$1.get(ExtensionFinder.java:440)
	at com.google.inject.internal.InternalFactoryToProviderAdapter.get(InternalFactoryToProviderAdapter.java:41)
	at com.google.inject.internal.InjectorImpl$2$1.call(InjectorImpl.java:1016)
	at com.google.inject.internal.InjectorImpl.callInContext(InjectorImpl.java:1092)
	at com.google.inject.internal.InjectorImpl$2.get(InjectorImpl.java:1012)
	at hudson.ExtensionFinder$GuiceFinder._find(ExtensionFinder.java:402)
	at hudson.ExtensionFinder$GuiceFinder.find(ExtensionFinder.java:393)
	at hudson.ClassicPluginStrategy.findComponents(ClassicPluginStrategy.java:494)
	at hudson.ExtensionList.load(ExtensionList.java:380)
	at hudson.ExtensionList.ensureLoaded(ExtensionList.java:318)
	at hudson.ExtensionList.iterator(ExtensionList.java:172)
	at hudson.ExtensionList.get(ExtensionList.java:149)
	at org.jenkinsci.plugin.gitea.servers.GiteaServers.get(GiteaServers.java:73)
	at org.jenkinsci.plugin.gitea.GiteaSCMNavigator$DescriptorImpl.newInstance(GiteaSCMNavigator.java:389)
	at jenkins.branch.CustomOrganizationFolderDescriptor.doAddSpecificDescriptors(CustomOrganizationFolderDescriptor.java:181)
	at jenkins.branch.CustomOrganizationFolderDescriptor.addSpecificDescriptors(CustomOrganizationFolderDescriptor.java:145)
	at sun.reflect.NativeMethodAccessorImpl.invoke0(Native Method)
	at sun.reflect.NativeMethodAccessorImpl.invoke(NativeMethodAccessorImpl.java:62)
	at sun.reflect.DelegatingMethodAccessorImpl.invoke(DelegatingMethodAccessorImpl.java:43)
	at java.lang.reflect.Method.invoke(Method.java:498)
	at hudson.init.TaskMethodFinder.invoke(TaskMethodFinder.java:104)
	at hudson.init.TaskMethodFinder$TaskImpl.run(TaskMethodFinder.java:175)
	at org.jvnet.hudson.reactor.Reactor.runTask(Reactor.java:296)
	at jenkins.model.Jenkins$5.runTask(Jenkins.java:1083)
	at org.jvnet.hudson.reactor.Reactor$2.run(Reactor.java:214)
	at org.jvnet.hudson.reactor.Reactor$Node.run(Reactor.java:117)
	at java.util.concurrent.ThreadPoolExecutor.runWorker(ThreadPoolExecutor.java:1149)
	at java.util.concurrent.ThreadPoolExecutor$Worker.run(ThreadPoolExecutor.java:624)
	at java.lang.Thread.run(Thread.java:748)
2019-01-31 20:28:30.806+0000 [id=30]	INFO	jenkins.InitReactorRunner$1#onAttained: Augmented all extensions
2019-01-31 20:28:31.544+0000 [id=26]	INFO	jenkins.InitReactorRunner$1#onAttained: Loaded all jobs
2019-01-31 20:28:31.591+0000 [id=51]	INFO	hudson.model.AsyncPeriodicWork$1#run: Started Download metadata
2019-01-31 20:28:31.626+0000 [id=28]	INFO	j.util.groovy.GroovyHookScript#execute: Executing /var/jenkins_home/init.groovy.d/init-docker-registry-env.groovy
2019-01-31 20:28:31.641+0000 [id=51]	INFO	hudson.model.AsyncPeriodicWork$1#run: Finished Download metadata. 41 ms
2019-01-31 20:28:32.871+0000 [id=31]	INFO	o.s.c.s.AbstractApplicationContext#prepareRefresh: Refreshing org.springframework.web.context.support.StaticWebApplicationContext@1c549e2a: display name [Root WebApplicationContext]; startup date [Thu Jan 31 20:28:32 UTC 2019]; root of context hierarchy
2019-01-31 20:28:32.873+0000 [id=31]	INFO	o.s.c.s.AbstractApplicationContext#obtainFreshBeanFactory: Bean factory for application context [org.springframework.web.context.support.StaticWebApplicationContext@1c549e2a]: org.springframework.beans.factory.support.DefaultListableBeanFactory@5872159d
2019-01-31 20:28:32.916+0000 [id=31]	INFO	o.s.b.f.s.DefaultListableBeanFactory#preInstantiateSingletons: Pre-instantiating singletons in org.springframework.beans.factory.support.DefaultListableBeanFactory@5872159d: defining beans [authenticationManager]; root of factory hierarchy
2019-01-31 20:28:32.997+0000 [id=28]	INFO	j.util.groovy.GroovyHookScript#execute: Executing /var/jenkins_home/init.groovy.d/tcp-slave-agent-port.groovy
2019-01-31 20:28:33.615+0000 [id=31]	INFO	o.s.c.s.AbstractApplicationContext#prepareRefresh: Refreshing org.springframework.web.context.support.StaticWebApplicationContext@46aaedf0: display name [Root WebApplicationContext]; startup date [Thu Jan 31 20:28:33 UTC 2019]; root of context hierarchy
2019-01-31 20:28:33.617+0000 [id=31]	INFO	o.s.c.s.AbstractApplicationContext#obtainFreshBeanFactory: Bean factory for application context [org.springframework.web.context.support.StaticWebApplicationContext@46aaedf0]: org.springframework.beans.factory.support.DefaultListableBeanFactory@11aebeb3
2019-01-31 20:28:33.620+0000 [id=31]	INFO	o.s.b.f.s.DefaultListableBeanFactory#preInstantiateSingletons: Pre-instantiating singletons in org.springframework.beans.factory.support.DefaultListableBeanFactory@11aebeb3: defining beans [filter,legacy]; root of factory hierarchy
2019-01-31 20:28:35.150+0000 [id=32]	INFO	jenkins.InitReactorRunner$1#onAttained: Completed initialization
2019-01-31 20:28:35.246+0000 [id=20]	INFO	hudson.WebAppMain$3#run: Jenkins is fully up and running
2019-01-31 20:29:57.648+0000 [id=15]	INFO	h.ExtensionFinder$GuiceFinder$FaultTolerantScope$1#error: Failed to instantiate optional component org.jenkinsci.plugins.kubernetes.credentials.FileSystemServiceAccountCredential$DescriptorImpl; skipping
2019-01-31 20:36:31.919+0000 [id=22]	INFO	winstone.Logger#logInternal: JVM is terminating. Shutting down Jetty
