2019-01-31 19:46:22.601+0000 [id=29]	INFO	jenkins.InitReactorRunner$1#onAttained: Prepared all plugins
2019-01-31 19:46:23.432+0000 [id=27]	WARNING	i.f.kubernetes.client.Config#tryServiceAccount: Error reading service account token from: [/var/run/secrets/kubernetes.io/serviceaccount/token]. Ignoring.
2019-01-31 19:46:23.861+0000 [id=32]	INFO	jenkins.InitReactorRunner$1#onAttained: Started all plugins
2019-01-31 19:46:29.234+0000 [id=27]	SEVERE	c.c.j.p.k.KubernetesCredentialProvider#startWatchingForSecrets: Failed to initialise k8s secret provider, secrets from Kubernetes will not be available
java.net.UnknownHostException: kubernetes.default.svc: Name or service not known
	at java.net.Inet4AddressImpl.lookupAllHostAddr(Native Method)
	at java.net.InetAddress$2.lookupAllHostAddr(InetAddress.java:929)
	at java.net.InetAddress.getAddressesFromNameService(InetAddress.java:1324)
	at java.net.InetAddress.getAllByName0(InetAddress.java:1277)
	at java.net.InetAddress.getAllByName(InetAddress.java:1193)
	at java.net.InetAddress.getAllByName(InetAddress.java:1127)
	at okhttp3.Dns$1.lookup(Dns.java:40)
	at okhttp3.internal.connection.RouteSelector.resetNextInetSocketAddress(RouteSelector.java:185)
	at okhttp3.internal.connection.RouteSelector.nextProxy(RouteSelector.java:149)
	at okhttp3.internal.connection.RouteSelector.next(RouteSelector.java:84)
	at okhttp3.internal.connection.StreamAllocation.findConnection(StreamAllocation.java:213)
	at okhttp3.internal.connection.StreamAllocation.findHealthyConnection(StreamAllocation.java:134)
	at okhttp3.internal.connection.StreamAllocation.newStream(StreamAllocation.java:113)
	at okhttp3.internal.connection.ConnectInterceptor.intercept(ConnectInterceptor.java:42)
	at okhttp3.internal.http.RealInterceptorChain.proceed(RealInterceptorChain.java:147)
	at okhttp3.internal.http.RealInterceptorChain.proceed(RealInterceptorChain.java:121)
	at okhttp3.internal.cache.CacheInterceptor.intercept(CacheInterceptor.java:93)
	at okhttp3.internal.http.RealInterceptorChain.proceed(RealInterceptorChain.java:147)
	at okhttp3.internal.http.RealInterceptorChain.proceed(RealInterceptorChain.java:121)
	at okhttp3.internal.http.BridgeInterceptor.intercept(BridgeInterceptor.java:93)
	at okhttp3.internal.http.RealInterceptorChain.proceed(RealInterceptorChain.java:147)
	at okhttp3.internal.http.RetryAndFollowUpInterceptor.intercept(RetryAndFollowUpInterceptor.java:125)
	at okhttp3.internal.http.RealInterceptorChain.proceed(RealInterceptorChain.java:147)
	at okhttp3.internal.http.RealInterceptorChain.proceed(RealInterceptorChain.java:121)
	at io.fabric8.kubernetes.client.utils.ImpersonatorInterceptor.intercept(ImpersonatorInterceptor.java:54)
	at okhttp3.internal.http.RealInterceptorChain.proceed(RealInterceptorChain.java:147)
	at okhttp3.internal.http.RealInterceptorChain.proceed(RealInterceptorChain.java:121)
	at io.fabric8.kubernetes.client.utils.HttpClientUtils$2.intercept(HttpClientUtils.java:95)
	at okhttp3.internal.http.RealInterceptorChain.proceed(RealInterceptorChain.java:147)
	at okhttp3.internal.http.RealInterceptorChain.proceed(RealInterceptorChain.java:121)
	at okhttp3.RealCall.getResponseWithInterceptorChain(RealCall.java:200)
	at okhttp3.RealCall.execute(RealCall.java:77)
	at io.fabric8.kubernetes.client.dsl.base.OperationSupport.handleResponse(OperationSupport.java:377)
	at io.fabric8.kubernetes.client.dsl.base.OperationSupport.handleResponse(OperationSupport.java:343)
	at io.fabric8.kubernetes.client.dsl.base.OperationSupport.handleResponse(OperationSupport.java:327)
	at io.fabric8.kubernetes.client.dsl.base.BaseOperation.list(BaseOperation.java:605)
Caused: io.fabric8.kubernetes.client.KubernetesClientException: Operation: [list]  for kind: [Secret]  with name: [null]  in namespace: [null]  failed.
	at io.fabric8.kubernetes.client.KubernetesClientException.launderThrowable(KubernetesClientException.java:62)
	at io.fabric8.kubernetes.client.KubernetesClientException.launderThrowable(KubernetesClientException.java:71)
	at io.fabric8.kubernetes.client.dsl.base.BaseOperation.list(BaseOperation.java:609)
	at io.fabric8.kubernetes.client.dsl.base.BaseOperation.list(BaseOperation.java:70)
	at com.cloudbees.jenkins.plugins.kubernetes_credentials_provider.KubernetesCredentialProvider.startWatchingForSecrets(KubernetesCredentialProvider.java:84)
	at sun.reflect.NativeMethodAccessorImpl.invoke0(Native Method)
	at sun.reflect.NativeMethodAccessorImpl.invoke(NativeMethodAccessorImpl.java:62)
	at sun.reflect.DelegatingMethodAccessorImpl.invoke(DelegatingMethodAccessorImpl.java:43)
	at java.lang.reflect.Method.invoke(Method.java:498)
	at hudson.init.TaskMethodFinder.invoke(TaskMethodFinder.java:104)
	at hudson.init.TaskMethodFinder$TaskImpl.run(TaskMethodFinder.java:175)
	at org.jvnet.hudson.reactor.Reactor.runTask(Reactor.java:296)
	at jenkins.model.Jenkins$5.runTask(Jenkins.java:1083)
	at org.jvnet.hudson.reactor.Reactor$2.run(Reactor.java:214)
	at org.jvnet.hudson.reactor.Reactor$Node.run(Reactor.java:117)
	at java.util.concurrent.ThreadPoolExecutor.runWorker(ThreadPoolExecutor.java:1149)
	at java.util.concurrent.ThreadPoolExecutor$Worker.run(ThreadPoolExecutor.java:624)
	at java.lang.Thread.run(Thread.java:748)
2019-01-31 19:46:33.991+0000 [id=30]	WARNING	i.f.kubernetes.client.Config#tryServiceAccount: Error reading service account token from: [/var/run/secrets/kubernetes.io/serviceaccount/token]. Ignoring.
2019-01-31 19:46:34.261+0000 [id=30]	INFO	h.ExtensionFinder$GuiceFinder$FaultTolerantScope$1#error: Failed to instantiate optional component org.jenkinsci.plugins.kubernetes.credentials.FileSystemServiceAccountCredential$DescriptorImpl; skipping
2019-01-31 19:46:34.785+0000 [id=27]	INFO	jenkins.InitReactorRunner$1#onAttained: Augmented all extensions
2019-01-31 19:46:35.240+0000 [id=40]	INFO	o.j.p.j.r.GlobalPluginConfiguration$1#doRun: Waiting for Jenkins to be started
2019-01-31 19:46:35.515+0000 [id=31]	INFO	jenkins.InitReactorRunner$1#onAttained: Loaded all jobs
2019-01-31 19:46:35.569+0000 [id=34]	INFO	j.util.groovy.GroovyHookScript#execute: Executing /var/jenkins_home/init.groovy.d/init-docker-registry-env.groovy
2019-01-31 19:46:35.569+0000 [id=55]	INFO	hudson.model.AsyncPeriodicWork$1#run: Started Download metadata
2019-01-31 19:46:37.486+0000 [id=31]	INFO	o.s.c.s.AbstractApplicationContext#prepareRefresh: Refreshing org.springframework.web.context.support.StaticWebApplicationContext@1976ee0e: display name [Root WebApplicationContext]; startup date [Thu Jan 31 19:46:37 UTC 2019]; root of context hierarchy
2019-01-31 19:46:37.487+0000 [id=31]	INFO	o.s.c.s.AbstractApplicationContext#obtainFreshBeanFactory: Bean factory for application context [org.springframework.web.context.support.StaticWebApplicationContext@1976ee0e]: org.springframework.beans.factory.support.DefaultListableBeanFactory@31ad503f
2019-01-31 19:46:37.603+0000 [id=31]	INFO	o.s.b.f.s.DefaultListableBeanFactory#preInstantiateSingletons: Pre-instantiating singletons in org.springframework.beans.factory.support.DefaultListableBeanFactory@31ad503f: defining beans [authenticationManager]; root of factory hierarchy
2019-01-31 19:46:37.759+0000 [id=34]	INFO	j.util.groovy.GroovyHookScript#execute: Executing /var/jenkins_home/init.groovy.d/tcp-slave-agent-port.groovy
2019-01-31 19:46:38.458+0000 [id=31]	INFO	o.s.c.s.AbstractApplicationContext#prepareRefresh: Refreshing org.springframework.web.context.support.StaticWebApplicationContext@36c0e5d6: display name [Root WebApplicationContext]; startup date [Thu Jan 31 19:46:38 UTC 2019]; root of context hierarchy
2019-01-31 19:46:38.459+0000 [id=31]	INFO	o.s.c.s.AbstractApplicationContext#obtainFreshBeanFactory: Bean factory for application context [org.springframework.web.context.support.StaticWebApplicationContext@36c0e5d6]: org.springframework.beans.factory.support.DefaultListableBeanFactory@79d95ee
2019-01-31 19:46:38.464+0000 [id=31]	INFO	o.s.b.f.s.DefaultListableBeanFactory#preInstantiateSingletons: Pre-instantiating singletons in org.springframework.beans.factory.support.DefaultListableBeanFactory@79d95ee: defining beans [filter,legacy]; root of factory hierarchy
2019-01-31 19:46:38.899+0000 [id=31]	INFO	jenkins.install.SetupWizard#init: 

*************************************************************
*************************************************************
*************************************************************

Jenkins initial setup is required. An admin user has been created and a password generated.
Please use the following password to proceed to installation:

c28075d0a69440438e8cbeac4c93e13b

This may also be found at: /var/jenkins_home/secrets/initialAdminPassword

*************************************************************
*************************************************************
*************************************************************

2019-01-31 19:46:46.258+0000 [id=31]	INFO	hudson.model.UpdateSite#updateData: Obtained the latest update center data file for UpdateSource default
2019-01-31 19:46:47.147+0000 [id=31]	INFO	jenkins.InitReactorRunner$1#onAttained: Completed initialization
2019-01-31 19:46:47.335+0000 [id=20]	INFO	hudson.WebAppMain$3#run: Jenkins is fully up and running
2019-01-31 19:46:47.635+0000 [id=55]	INFO	hudson.model.UpdateSite#updateData: Obtained the latest update center data file for UpdateSource default
2019-01-31 19:46:48.573+0000 [id=55]	INFO	h.m.DownloadService$Downloadable#load: Obtained the updated data file for hudson.tasks.Maven.MavenInstaller
2019-01-31 19:46:50.088+0000 [id=55]	INFO	h.m.DownloadService$Downloadable#load: Obtained the updated data file for hudson.tasks.Ant.AntInstaller
2019-01-31 19:46:50.844+0000 [id=55]	INFO	h.m.DownloadService$Downloadable#load: Obtained the updated data file for hudson.plugins.gradle.GradleInstaller
2019-01-31 19:46:50.859+0000 [id=55]	INFO	hudson.model.AsyncPeriodicWork$1#run: Finished Download metadata. 15,268 ms
2019-01-31 19:47:38.175+0000 [id=39]	INFO	hudson.model.UpdateSite$Plugin#deploy: Adding dependent install of jdk-tool for plugin antisamy-markup-formatter
2019-01-31 19:47:38.189+0000 [id=39]	INFO	hudson.model.UpdateSite$Plugin#deploy: Dependent install of jdk-tool for plugin build-timeout already added, skipping
2019-01-31 19:47:38.201+0000 [id=39]	INFO	hudson.model.UpdateSite$Plugin#deploy: Dependent install of jdk-tool for plugin credentials-binding already added, skipping
2019-01-31 19:47:38.180+0000 [id=101]	INFO	h.model.UpdateCenter$DownloadJob#run: Starting the installation of JDK Tool on behalf of admin
2019-01-31 19:47:38.205+0000 [id=39]	INFO	hudson.model.UpdateSite$Plugin#deploy: Dependent install of jdk-tool for plugin timestamper already added, skipping
2019-01-31 19:47:38.219+0000 [id=39]	INFO	hudson.model.UpdateSite$Plugin#deploy: Dependent install of jdk-tool for plugin ws-cleanup already added, skipping
2019-01-31 19:47:38.228+0000 [id=39]	INFO	hudson.model.UpdateSite$Plugin#deploy: Dependent install of jdk-tool for plugin gradle already added, skipping
2019-01-31 19:47:38.243+0000 [id=39]	INFO	hudson.model.UpdateSite$Plugin#deploy: Dependent install of jdk-tool for plugin github-branch-source already added, skipping
2019-01-31 19:47:38.249+0000 [id=39]	INFO	hudson.model.UpdateSite$Plugin#deploy: Dependent install of jdk-tool for plugin pipeline-github-lib already added, skipping
2019-01-31 19:47:38.258+0000 [id=39]	INFO	hudson.model.UpdateSite$Plugin#deploy: Dependent install of jdk-tool for plugin pipeline-stage-view already added, skipping
2019-01-31 19:47:38.265+0000 [id=39]	INFO	hudson.model.UpdateSite$Plugin#deploy: Dependent install of jdk-tool for plugin git already added, skipping
2019-01-31 19:47:38.267+0000 [id=39]	INFO	hudson.model.UpdateSite$Plugin#deploy: Adding dependent install of git-client for plugin git
2019-01-31 19:47:38.270+0000 [id=39]	INFO	hudson.model.UpdateSite$Plugin#deploy: Dependent install of jdk-tool for plugin git-client already added, skipping
2019-01-31 19:47:38.274+0000 [id=39]	INFO	hudson.model.UpdateSite$Plugin#deploy: Dependent install of jdk-tool for plugin subversion already added, skipping
2019-01-31 19:47:38.276+0000 [id=39]	INFO	hudson.model.UpdateSite$Plugin#deploy: Adding dependent install of mapdb-api for plugin subversion
2019-01-31 19:47:38.278+0000 [id=39]	INFO	hudson.model.UpdateSite$Plugin#deploy: Dependent install of jdk-tool for plugin mapdb-api already added, skipping
2019-01-31 19:47:38.281+0000 [id=39]	INFO	hudson.model.UpdateSite$Plugin#deploy: Dependent install of jdk-tool for plugin ssh-slaves already added, skipping
2019-01-31 19:47:38.284+0000 [id=39]	INFO	hudson.model.UpdateSite$Plugin#deploy: Dependent install of jdk-tool for plugin matrix-auth already added, skipping
2019-01-31 19:47:38.290+0000 [id=39]	INFO	hudson.model.UpdateSite$Plugin#deploy: Dependent install of jdk-tool for plugin pam-auth already added, skipping
2019-01-31 19:47:38.297+0000 [id=39]	INFO	hudson.model.UpdateSite$Plugin#deploy: Dependent install of jdk-tool for plugin ldap already added, skipping
2019-01-31 19:47:38.312+0000 [id=39]	INFO	hudson.model.UpdateSite$Plugin#deploy: Dependent install of jdk-tool for plugin email-ext already added, skipping
2019-01-31 19:47:38.322+0000 [id=39]	INFO	hudson.model.UpdateSite$Plugin#deploy: Dependent install of jdk-tool for plugin mailer already added, skipping
2019-01-31 19:47:40.773+0000 [id=101]	INFO	h.m.UpdateCenter$UpdateCenterConfiguration#download: Downloading JDK Tool
2019-01-31 19:47:41.768+0000 [id=101]	INFO	hudson.PluginManager#dynamicLoad: Attempting to dynamic load /var/jenkins_home/plugins/jdk-tool.jpi
2019-01-31 19:47:44.222+0000 [id=101]	INFO	h.m.DownloadService$Downloadable#load: Obtained the updated data file for hudson.tools.JDKInstaller
2019-01-31 19:47:44.292+0000 [id=106]	INFO	jenkins.InitReactorRunner$1#onAttained: Started initialization
2019-01-31 19:47:44.297+0000 [id=111]	INFO	jenkins.InitReactorRunner$1#onAttained: Listed all plugins
2019-01-31 19:47:44.300+0000 [id=113]	INFO	jenkins.InitReactorRunner$1#onAttained: Prepared all plugins
2019-01-31 19:47:44.301+0000 [id=113]	INFO	jenkins.InitReactorRunner$1#onAttained: Started all plugins
2019-01-31 19:47:44.303+0000 [id=113]	INFO	jenkins.InitReactorRunner$1#onAttained: Augmented all extensions
2019-01-31 19:47:44.305+0000 [id=113]	INFO	jenkins.InitReactorRunner$1#onAttained: Loaded all jobs
2019-01-31 19:47:44.309+0000 [id=113]	INFO	jenkins.InitReactorRunner$1#onAttained: Completed initialization
2019-01-31 19:47:44.312+0000 [id=101]	INFO	hudson.ClassicPluginStrategy#updateDependency: Updated dependency of ace-editor
2019-01-31 19:47:44.314+0000 [id=101]	INFO	hudson.ClassicPluginStrategy#updateDependency: Updated dependency of apache-httpcomponents-client-4-api
2019-01-31 19:47:44.316+0000 [id=101]	INFO	hudson.ClassicPluginStrategy#updateDependency: Updated dependency of artifactory
2019-01-31 19:47:44.319+0000 [id=101]	INFO	hudson.ClassicPluginStrategy#updateDependency: Updated dependency of authentication-tokens
2019-01-31 19:47:44.329+0000 [id=101]	INFO	hudson.ClassicPluginStrategy#updateDependency: Updated dependency of blueocean-autofavorite
2019-01-31 19:47:44.333+0000 [id=101]	INFO	hudson.ClassicPluginStrategy#updateDependency: Updated dependency of blueocean-display-url
2019-01-31 19:47:44.335+0000 [id=101]	INFO	hudson.ClassicPluginStrategy#updateDependency: Updated dependency of bouncycastle-api
2019-01-31 19:47:44.338+0000 [id=101]	INFO	hudson.ClassicPluginStrategy#updateDependency: Updated dependency of branch-api
2019-01-31 19:47:44.343+0000 [id=101]	INFO	hudson.ClassicPluginStrategy#updateDependency: Updated dependency of cloudbees-bitbucket-branch-source
2019-01-31 19:47:44.346+0000 [id=101]	INFO	hudson.ClassicPluginStrategy#updateDependency: Updated dependency of command-launcher
2019-01-31 19:47:44.350+0000 [id=101]	INFO	hudson.ClassicPluginStrategy#updateDependency: Updated dependency of config-file-provider
2019-01-31 19:47:44.353+0000 [id=101]	INFO	hudson.ClassicPluginStrategy#updateDependency: Updated dependency of configuration-as-code
2019-01-31 19:47:44.354+0000 [id=101]	INFO	hudson.ClassicPluginStrategy#updateDependency: Updated dependency of credentials-binding
2019-01-31 19:47:44.361+0000 [id=101]	INFO	hudson.ClassicPluginStrategy#updateDependency: Updated dependency of credentials
2019-01-31 19:47:44.363+0000 [id=101]	INFO	hudson.ClassicPluginStrategy#updateDependency: Updated dependency of display-url-api
2019-01-31 19:47:44.364+0000 [id=101]	INFO	hudson.ClassicPluginStrategy#updateDependency: Updated dependency of docker-commons
2019-01-31 19:47:44.365+0000 [id=101]	INFO	hudson.ClassicPluginStrategy#updateDependency: Updated dependency of docker-workflow
2019-01-31 19:47:44.366+0000 [id=101]	INFO	hudson.ClassicPluginStrategy#updateDependency: Updated dependency of durable-task
2019-01-31 19:47:44.366+0000 [id=101]	INFO	hudson.ClassicPluginStrategy#updateDependency: Updated dependency of favorite
2019-01-31 19:47:44.367+0000 [id=101]	INFO	hudson.ClassicPluginStrategy#updateDependency: Updated dependency of git-client
2019-01-31 19:47:44.368+0000 [id=101]	INFO	hudson.ClassicPluginStrategy#updateDependency: Updated dependency of git-server
2019-01-31 19:47:44.369+0000 [id=101]	INFO	hudson.ClassicPluginStrategy#updateDependency: Updated dependency of git
2019-01-31 19:47:44.370+0000 [id=101]	INFO	hudson.ClassicPluginStrategy#updateDependency: Updated dependency of gitea
2019-01-31 19:47:44.370+0000 [id=101]	INFO	hudson.ClassicPluginStrategy#updateDependency: Updated dependency of github-api
2019-01-31 19:47:44.372+0000 [id=101]	INFO	hudson.ClassicPluginStrategy#updateDependency: Updated dependency of github-branch-source
2019-01-31 19:47:44.373+0000 [id=101]	INFO	hudson.ClassicPluginStrategy#updateDependency: Updated dependency of github
2019-01-31 19:47:44.375+0000 [id=101]	INFO	hudson.ClassicPluginStrategy#updateDependency: Updated dependency of gitlab-plugin
2019-01-31 19:47:44.376+0000 [id=101]	INFO	hudson.ClassicPluginStrategy#updateDependency: Updated dependency of gradle
2019-01-31 19:47:44.377+0000 [id=101]	INFO	hudson.ClassicPluginStrategy#updateDependency: Updated dependency of handlebars
2019-01-31 19:47:44.378+0000 [id=101]	INFO	hudson.ClassicPluginStrategy#updateDependency: Updated dependency of handy-uri-templates-2-api
2019-01-31 19:47:44.379+0000 [id=101]	INFO	hudson.ClassicPluginStrategy#updateDependency: Updated dependency of htmlpublisher
2019-01-31 19:47:44.381+0000 [id=101]	INFO	hudson.ClassicPluginStrategy#updateDependency: Updated dependency of ivy
2019-01-31 19:47:44.382+0000 [id=101]	INFO	hudson.ClassicPluginStrategy#updateDependency: Updated dependency of jackson2-api
2019-01-31 19:47:44.383+0000 [id=101]	INFO	hudson.ClassicPluginStrategy#updateDependency: Updated dependency of javadoc
2019-01-31 19:47:44.384+0000 [id=101]	INFO	hudson.ClassicPluginStrategy#updateDependency: Updated dependency of jira
2019-01-31 19:47:44.385+0000 [id=101]	INFO	hudson.ClassicPluginStrategy#updateDependency: Updated dependency of jquery-detached
2019-01-31 19:47:44.386+0000 [id=101]	INFO	hudson.ClassicPluginStrategy#updateDependency: Updated dependency of jsch
2019-01-31 19:47:44.387+0000 [id=101]	INFO	hudson.ClassicPluginStrategy#updateDependency: Updated dependency of junit
2019-01-31 19:47:44.391+0000 [id=101]	INFO	hudson.ClassicPluginStrategy#updateDependency: Updated dependency of jx-resources
2019-01-31 19:47:44.392+0000 [id=101]	INFO	hudson.ClassicPluginStrategy#updateDependency: Updated dependency of kubernetes-credentials-provider
2019-01-31 19:47:44.393+0000 [id=101]	INFO	hudson.ClassicPluginStrategy#updateDependency: Updated dependency of kubernetes-credentials
2019-01-31 19:47:44.394+0000 [id=101]	INFO	hudson.ClassicPluginStrategy#updateDependency: Updated dependency of lockable-resources
2019-01-31 19:47:44.395+0000 [id=101]	INFO	hudson.ClassicPluginStrategy#updateDependency: Updated dependency of mailer
2019-01-31 19:47:44.397+0000 [id=101]	INFO	hudson.ClassicPluginStrategy#updateDependency: Updated dependency of matrix-project
2019-01-31 19:47:44.398+0000 [id=101]	INFO	hudson.ClassicPluginStrategy#updateDependency: Updated dependency of maven-plugin
2019-01-31 19:47:44.399+0000 [id=101]	INFO	hudson.ClassicPluginStrategy#updateDependency: Updated dependency of mercurial
2019-01-31 19:47:44.401+0000 [id=101]	INFO	hudson.ClassicPluginStrategy#updateDependency: Updated dependency of metrics
2019-01-31 19:47:44.403+0000 [id=101]	INFO	hudson.ClassicPluginStrategy#updateDependency: Updated dependency of momentjs
2019-01-31 19:47:44.405+0000 [id=101]	INFO	hudson.ClassicPluginStrategy#updateDependency: Updated dependency of pipeline-build-step
2019-01-31 19:47:44.408+0000 [id=101]	INFO	hudson.ClassicPluginStrategy#updateDependency: Updated dependency of pipeline-graph-analysis
2019-01-31 19:47:44.410+0000 [id=101]	INFO	hudson.ClassicPluginStrategy#updateDependency: Updated dependency of pipeline-input-step
2019-01-31 19:47:44.412+0000 [id=101]	INFO	hudson.ClassicPluginStrategy#updateDependency: Updated dependency of pipeline-milestone-step
2019-01-31 19:47:44.414+0000 [id=101]	INFO	hudson.ClassicPluginStrategy#updateDependency: Updated dependency of pipeline-model-api
2019-01-31 19:47:44.416+0000 [id=101]	INFO	hudson.ClassicPluginStrategy#updateDependency: Updated dependency of pipeline-model-declarative-agent
2019-01-31 19:47:44.417+0000 [id=101]	INFO	hudson.ClassicPluginStrategy#updateDependency: Updated dependency of pipeline-model-definition
2019-01-31 19:47:44.418+0000 [id=101]	INFO	hudson.ClassicPluginStrategy#updateDependency: Updated dependency of pipeline-model-extensions
2019-01-31 19:47:44.419+0000 [id=101]	INFO	hudson.ClassicPluginStrategy#updateDependency: Updated dependency of pipeline-rest-api
2019-01-31 19:47:44.421+0000 [id=101]	INFO	hudson.ClassicPluginStrategy#updateDependency: Updated dependency of pipeline-stage-step
2019-01-31 19:47:44.422+0000 [id=101]	INFO	hudson.ClassicPluginStrategy#updateDependency: Updated dependency of pipeline-stage-tags-metadata
2019-01-31 19:47:44.426+0000 [id=101]	INFO	hudson.ClassicPluginStrategy#updateDependency: Updated dependency of pipeline-stage-view
2019-01-31 19:47:44.428+0000 [id=101]	INFO	hudson.ClassicPluginStrategy#updateDependency: Updated dependency of plain-credentials
2019-01-31 19:47:44.429+0000 [id=101]	INFO	hudson.ClassicPluginStrategy#updateDependency: Updated dependency of pubsub-light
2019-01-31 19:47:44.430+0000 [id=101]	INFO	hudson.ClassicPluginStrategy#updateDependency: Updated dependency of resource-disposer
2019-01-31 19:47:44.431+0000 [id=101]	INFO	hudson.ClassicPluginStrategy#updateDependency: Updated dependency of scm-api
2019-01-31 19:47:44.433+0000 [id=101]	INFO	hudson.ClassicPluginStrategy#updateDependency: Updated dependency of script-security
2019-01-31 19:47:44.434+0000 [id=101]	INFO	hudson.ClassicPluginStrategy#updateDependency: Updated dependency of simple-theme-plugin
2019-01-31 19:47:44.435+0000 [id=101]	INFO	hudson.ClassicPluginStrategy#updateDependency: Updated dependency of sse-gateway
2019-01-31 19:47:44.436+0000 [id=101]	INFO	hudson.ClassicPluginStrategy#updateDependency: Updated dependency of ssh-credentials
2019-01-31 19:47:44.437+0000 [id=101]	INFO	hudson.ClassicPluginStrategy#updateDependency: Updated dependency of structs
2019-01-31 19:47:44.439+0000 [id=101]	INFO	hudson.ClassicPluginStrategy#updateDependency: Updated dependency of support-core
2019-01-31 19:47:44.443+0000 [id=101]	INFO	hudson.ClassicPluginStrategy#updateDependency: Updated dependency of token-macro
2019-01-31 19:47:44.445+0000 [id=101]	INFO	hudson.ClassicPluginStrategy#updateDependency: Updated dependency of variant
2019-01-31 19:47:44.449+0000 [id=101]	INFO	hudson.ClassicPluginStrategy#updateDependency: Updated dependency of workflow-cps-global-lib
2019-01-31 19:47:44.450+0000 [id=101]	INFO	hudson.ClassicPluginStrategy#updateDependency: Updated dependency of workflow-multibranch
2019-01-31 19:47:44.452+0000 [id=101]	INFO	hudson.ClassicPluginStrategy#updateDependency: Updated dependency of workflow-scm-step
2019-01-31 19:47:44.454+0000 [id=101]	INFO	hudson.ClassicPluginStrategy#updateDependency: Updated dependency of workflow-step-api
2019-01-31 19:47:44.459+0000 [id=101]	INFO	hudson.ClassicPluginStrategy#updateDependency: Updated dependency of ws-cleanup
2019-01-31 19:47:53.892+0000 [id=101]	INFO	hudson.PluginManager#dynamicLoad: Plugin jdk-tool:1.2 dynamically installed
2019-01-31 19:47:53.893+0000 [id=101]	INFO	h.model.UpdateCenter$DownloadJob#run: Installation successful: JDK Tool
2019-01-31 19:47:53.894+0000 [id=101]	INFO	h.model.UpdateCenter$DownloadJob#run: Starting the installation of OWASP Markup Formatter on behalf of admin
2019-01-31 19:47:54.548+0000 [id=101]	INFO	h.m.UpdateCenter$UpdateCenterConfiguration#download: Downloading OWASP Markup Formatter
2019-01-31 19:47:54.787+0000 [id=101]	INFO	hudson.PluginManager#dynamicLoad: Attempting to dynamic load /var/jenkins_home/plugins/antisamy-markup-formatter.jpi
2019-01-31 19:47:55.873+0000 [id=115]	INFO	jenkins.InitReactorRunner$1#onAttained: Started initialization
2019-01-31 19:47:55.878+0000 [id=119]	INFO	jenkins.InitReactorRunner$1#onAttained: Listed all plugins
2019-01-31 19:47:55.882+0000 [id=116]	INFO	jenkins.InitReactorRunner$1#onAttained: Prepared all plugins
2019-01-31 19:47:55.884+0000 [id=116]	INFO	jenkins.InitReactorRunner$1#onAttained: Started all plugins
2019-01-31 19:47:55.886+0000 [id=116]	INFO	jenkins.InitReactorRunner$1#onAttained: Augmented all extensions
2019-01-31 19:47:55.889+0000 [id=116]	INFO	jenkins.InitReactorRunner$1#onAttained: Loaded all jobs
2019-01-31 19:47:55.891+0000 [id=116]	INFO	jenkins.InitReactorRunner$1#onAttained: Completed initialization
2019-01-31 19:48:05.108+0000 [id=101]	INFO	hudson.PluginManager#dynamicLoad: Plugin antisamy-markup-formatter:1.5 dynamically installed
2019-01-31 19:48:05.110+0000 [id=101]	INFO	h.model.UpdateCenter$DownloadJob#run: Installation successful: OWASP Markup Formatter
2019-01-31 19:48:05.112+0000 [id=101]	INFO	h.model.UpdateCenter$DownloadJob#run: Starting the installation of Build Timeout on behalf of admin
2019-01-31 19:48:05.795+0000 [id=101]	INFO	h.m.UpdateCenter$UpdateCenterConfiguration#download: Downloading Build Timeout
2019-01-31 19:48:05.986+0000 [id=101]	INFO	hudson.PluginManager#dynamicLoad: Attempting to dynamic load /var/jenkins_home/plugins/build-timeout.jpi
2019-01-31 19:48:07.824+0000 [id=101]	INFO	h.ExtensionFinder$GuiceFinder$FaultTolerantScope$1#error: Failed to instantiate optional component hudson.plugins.build_timeout.operations.AbortAndRestartOperation$DescriptorImpl; skipping
2019-01-31 19:48:07.862+0000 [id=101]	INFO	h.ExtensionFinder$GuiceFinder$FaultTolerantScope$1#error: Failed to instantiate optional component hudson.plugins.build_timeout.operations.AbortAndRestartOperation$DescriptorImpl; skipping
2019-01-31 19:48:07.882+0000 [id=101]	INFO	h.ExtensionFinder$GuiceFinder$FaultTolerantScope$1#error: Failed to instantiate optional component hudson.plugins.build_timeout.operations.AbortAndRestartOperation$DescriptorImpl; skipping
2019-01-31 19:48:07.889+0000 [id=101]	INFO	h.ExtensionFinder$GuiceFinder$FaultTolerantScope$1#error: Failed to instantiate optional component hudson.plugins.build_timeout.operations.AbortAndRestartOperation$DescriptorImpl; skipping
2019-01-31 19:48:07.895+0000 [id=101]	INFO	h.ExtensionFinder$GuiceFinder$FaultTolerantScope$1#error: Failed to instantiate optional component hudson.plugins.build_timeout.operations.AbortAndRestartOperation$DescriptorImpl; skipping
2019-01-31 19:48:07.908+0000 [id=101]	INFO	h.ExtensionFinder$GuiceFinder$FaultTolerantScope$1#error: Failed to instantiate optional component hudson.plugins.build_timeout.operations.AbortAndRestartOperation$DescriptorImpl; skipping
2019-01-31 19:48:07.913+0000 [id=101]	INFO	h.ExtensionFinder$GuiceFinder$FaultTolerantScope$1#error: Failed to instantiate optional component hudson.plugins.build_timeout.operations.AbortAndRestartOperation$DescriptorImpl; skipping
2019-01-31 19:48:07.917+0000 [id=101]	INFO	h.ExtensionFinder$GuiceFinder$FaultTolerantScope$1#error: Failed to instantiate optional component hudson.plugins.build_timeout.operations.AbortAndRestartOperation$DescriptorImpl; skipping
2019-01-31 19:48:07.929+0000 [id=101]	INFO	h.ExtensionFinder$GuiceFinder$FaultTolerantScope$1#error: Failed to instantiate optional component hudson.plugins.build_timeout.operations.AbortAndRestartOperation$DescriptorImpl; skipping
2019-01-31 19:48:07.959+0000 [id=128]	INFO	jenkins.InitReactorRunner$1#onAttained: Started initialization
2019-01-31 19:48:07.963+0000 [id=132]	INFO	jenkins.InitReactorRunner$1#onAttained: Listed all plugins
2019-01-31 19:48:07.968+0000 [id=134]	INFO	jenkins.InitReactorRunner$1#onAttained: Prepared all plugins
2019-01-31 19:48:07.971+0000 [id=130]	INFO	jenkins.InitReactorRunner$1#onAttained: Started all plugins
2019-01-31 19:48:07.974+0000 [id=130]	INFO	jenkins.InitReactorRunner$1#onAttained: Augmented all extensions
2019-01-31 19:48:07.975+0000 [id=130]	INFO	jenkins.InitReactorRunner$1#onAttained: Loaded all jobs
2019-01-31 19:48:07.977+0000 [id=132]	INFO	jenkins.InitReactorRunner$1#onAttained: Completed initialization
2019-01-31 19:48:20.630+0000 [id=101]	INFO	hudson.PluginManager#dynamicLoad: Plugin build-timeout:1.19 dynamically installed
2019-01-31 19:48:20.635+0000 [id=101]	INFO	h.model.UpdateCenter$DownloadJob#run: Installation successful: Build Timeout
2019-01-31 19:48:20.638+0000 [id=101]	INFO	h.model.UpdateCenter$DownloadJob#run: Starting the installation of Timestamper on behalf of admin
2019-01-31 19:48:21.665+0000 [id=101]	INFO	h.m.UpdateCenter$UpdateCenterConfiguration#download: Downloading Timestamper
2019-01-31 19:48:21.817+0000 [id=101]	INFO	hudson.PluginManager#dynamicLoad: Attempting to dynamic load /var/jenkins_home/plugins/timestamper.jpi
2019-01-31 19:48:23.214+0000 [id=137]	INFO	jenkins.InitReactorRunner$1#onAttained: Started initialization
2019-01-31 19:48:23.219+0000 [id=141]	INFO	jenkins.InitReactorRunner$1#onAttained: Listed all plugins
2019-01-31 19:48:23.222+0000 [id=144]	INFO	jenkins.InitReactorRunner$1#onAttained: Prepared all plugins
2019-01-31 19:48:23.225+0000 [id=144]	INFO	jenkins.InitReactorRunner$1#onAttained: Started all plugins
2019-01-31 19:48:23.227+0000 [id=144]	INFO	jenkins.InitReactorRunner$1#onAttained: Augmented all extensions
2019-01-31 19:48:23.229+0000 [id=144]	INFO	jenkins.InitReactorRunner$1#onAttained: Loaded all jobs
2019-01-31 19:48:23.230+0000 [id=144]	INFO	jenkins.InitReactorRunner$1#onAttained: Completed initialization
2019-01-31 19:48:31.189+0000 [id=101]	INFO	hudson.PluginManager#dynamicLoad: Plugin timestamper:1.8.10 dynamically installed
2019-01-31 19:48:31.197+0000 [id=101]	INFO	h.model.UpdateCenter$DownloadJob#run: Installation successful: Timestamper
2019-01-31 19:48:31.199+0000 [id=101]	INFO	h.model.UpdateCenter$DownloadJob#run: Starting the installation of Workspace Cleanup on behalf of admin
2019-01-31 19:48:32.415+0000 [id=101]	INFO	h.m.UpdateCenter$UpdateCenterConfiguration#download: Downloading Workspace Cleanup
2019-01-31 19:48:32.864+0000 [id=101]	INFO	hudson.PluginManager#dynamicLoad: Attempting to dynamic load /var/jenkins_home/plugins/ws-cleanup.jpi
2019-01-31 19:48:32.873+0000 [id=101]	INFO	h.model.UpdateCenter$DownloadJob#run: Starting the installation of Gradle on behalf of admin
2019-01-31 19:48:33.439+0000 [id=101]	INFO	h.m.UpdateCenter$UpdateCenterConfiguration#download: Downloading Gradle
2019-01-31 19:48:33.529+0000 [id=101]	INFO	hudson.PluginManager#dynamicLoad: Attempting to dynamic load /var/jenkins_home/plugins/gradle.jpi
2019-01-31 19:48:33.536+0000 [id=101]	INFO	h.model.UpdateCenter$DownloadJob#run: Starting the installation of GitHub Branch Source on behalf of admin
2019-01-31 19:48:34.101+0000 [id=101]	INFO	h.m.UpdateCenter$UpdateCenterConfiguration#download: Downloading GitHub Branch Source
2019-01-31 19:48:34.400+0000 [id=101]	INFO	hudson.PluginManager#dynamicLoad: Attempting to dynamic load /var/jenkins_home/plugins/github-branch-source.jpi
2019-01-31 19:48:34.407+0000 [id=101]	INFO	h.model.UpdateCenter$DownloadJob#run: Starting the installation of Pipeline: GitHub Groovy Libraries on behalf of admin
2019-01-31 19:48:34.961+0000 [id=101]	INFO	h.m.UpdateCenter$UpdateCenterConfiguration#download: Downloading Pipeline: GitHub Groovy Libraries
2019-01-31 19:48:34.972+0000 [id=101]	INFO	hudson.PluginManager#dynamicLoad: Attempting to dynamic load /var/jenkins_home/plugins/pipeline-github-lib.jpi
2019-01-31 19:48:36.141+0000 [id=146]	INFO	jenkins.InitReactorRunner$1#onAttained: Started initialization
2019-01-31 19:48:36.155+0000 [id=150]	INFO	jenkins.InitReactorRunner$1#onAttained: Listed all plugins
2019-01-31 19:48:36.179+0000 [id=153]	INFO	jenkins.InitReactorRunner$1#onAttained: Prepared all plugins
2019-01-31 19:48:36.182+0000 [id=153]	INFO	jenkins.InitReactorRunner$1#onAttained: Started all plugins
2019-01-31 19:48:36.184+0000 [id=153]	INFO	jenkins.InitReactorRunner$1#onAttained: Augmented all extensions
2019-01-31 19:48:36.186+0000 [id=153]	INFO	jenkins.InitReactorRunner$1#onAttained: Loaded all jobs
2019-01-31 19:48:36.189+0000 [id=150]	INFO	jenkins.InitReactorRunner$1#onAttained: Completed initialization
2019-01-31 19:48:48.216+0000 [id=101]	INFO	hudson.PluginManager#dynamicLoad: Plugin pipeline-github-lib:1.0 dynamically installed
2019-01-31 19:48:48.218+0000 [id=101]	INFO	h.model.UpdateCenter$DownloadJob#run: Installation successful: Pipeline: GitHub Groovy Libraries
2019-01-31 19:48:48.221+0000 [id=101]	INFO	h.model.UpdateCenter$DownloadJob#run: Starting the installation of Git client on behalf of admin
2019-01-31 19:48:49.179+0000 [id=101]	INFO	h.m.UpdateCenter$UpdateCenterConfiguration#download: Downloading Git client
2019-01-31 19:48:53.618+0000 [id=101]	INFO	hudson.PluginManager#dynamicLoad: Attempting to dynamic load /var/jenkins_home/plugins/git-client.jpi
2019-01-31 19:48:53.623+0000 [id=101]	INFO	h.model.UpdateCenter$DownloadJob#run: Starting the installation of Git on behalf of admin
2019-01-31 19:48:54.171+0000 [id=101]	INFO	h.m.UpdateCenter$UpdateCenterConfiguration#download: Downloading Git
2019-01-31 19:48:54.494+0000 [id=101]	INFO	hudson.PluginManager#dynamicLoad: Attempting to dynamic load /var/jenkins_home/plugins/git.jpi
2019-01-31 19:48:54.501+0000 [id=101]	INFO	h.model.UpdateCenter$DownloadJob#run: Starting the installation of MapDB API on behalf of admin
2019-01-31 19:48:55.055+0000 [id=101]	INFO	h.m.UpdateCenter$UpdateCenterConfiguration#download: Downloading MapDB API
2019-01-31 19:48:55.286+0000 [id=101]	INFO	hudson.PluginManager#dynamicLoad: Attempting to dynamic load /var/jenkins_home/plugins/mapdb-api.jpi
2019-01-31 19:48:57.112+0000 [id=155]	INFO	jenkins.InitReactorRunner$1#onAttained: Started initialization
2019-01-31 19:48:57.116+0000 [id=160]	INFO	jenkins.InitReactorRunner$1#onAttained: Listed all plugins
2019-01-31 19:48:57.133+0000 [id=156]	INFO	jenkins.InitReactorRunner$1#onAttained: Prepared all plugins
2019-01-31 19:48:57.135+0000 [id=156]	INFO	jenkins.InitReactorRunner$1#onAttained: Started all plugins
2019-01-31 19:48:57.137+0000 [id=162]	INFO	jenkins.InitReactorRunner$1#onAttained: Augmented all extensions
2019-01-31 19:48:57.141+0000 [id=155]	INFO	jenkins.InitReactorRunner$1#onAttained: Loaded all jobs
2019-01-31 19:48:57.144+0000 [id=155]	INFO	jenkins.InitReactorRunner$1#onAttained: Completed initialization
2019-01-31 19:49:06.619+0000 [id=101]	INFO	hudson.PluginManager#dynamicLoad: Plugin mapdb-api:1.0.9.0 dynamically installed
2019-01-31 19:49:06.621+0000 [id=101]	INFO	h.model.UpdateCenter$DownloadJob#run: Installation successful: MapDB API
2019-01-31 19:49:06.622+0000 [id=101]	INFO	h.model.UpdateCenter$DownloadJob#run: Starting the installation of Subversion on behalf of admin
2019-01-31 19:49:07.279+0000 [id=101]	INFO	h.m.UpdateCenter$UpdateCenterConfiguration#download: Downloading Subversion
2019-01-31 19:49:15.814+0000 [id=101]	INFO	hudson.PluginManager#dynamicLoad: Attempting to dynamic load /var/jenkins_home/plugins/subversion.jpi
2019-01-31 19:49:21.374+0000 [id=168]	INFO	jenkins.InitReactorRunner$1#onAttained: Started initialization
2019-01-31 19:49:21.376+0000 [id=172]	INFO	jenkins.InitReactorRunner$1#onAttained: Listed all plugins
2019-01-31 19:49:21.378+0000 [id=175]	INFO	jenkins.InitReactorRunner$1#onAttained: Prepared all plugins
2019-01-31 19:49:21.379+0000 [id=175]	INFO	jenkins.InitReactorRunner$1#onAttained: Started all plugins
2019-01-31 19:49:21.379+0000 [id=175]	INFO	jenkins.InitReactorRunner$1#onAttained: Augmented all extensions
2019-01-31 19:49:21.380+0000 [id=168]	INFO	jenkins.InitReactorRunner$1#onAttained: Loaded all jobs
2019-01-31 19:49:21.382+0000 [id=168]	INFO	jenkins.InitReactorRunner$1#onAttained: Completed initialization
2019-01-31 19:49:21.387+0000 [id=101]	INFO	hudson.ClassicPluginStrategy#updateDependency: Updated dependency of artifactory
2019-01-31 19:49:28.502+0000 [id=101]	INFO	hudson.PluginManager#dynamicLoad: Plugin subversion:2.12.1 dynamically installed
2019-01-31 19:49:28.503+0000 [id=101]	INFO	h.model.UpdateCenter$DownloadJob#run: Installation successful: Subversion
2019-01-31 19:49:28.511+0000 [id=101]	INFO	h.model.UpdateCenter$DownloadJob#run: Starting the installation of SSH Slaves on behalf of admin
2019-01-31 19:49:31.477+0000 [id=101]	INFO	h.m.UpdateCenter$UpdateCenterConfiguration#download: Downloading SSH Slaves
2019-01-31 19:49:31.744+0000 [id=101]	INFO	hudson.PluginManager#dynamicLoad: Attempting to dynamic load /var/jenkins_home/plugins/ssh-slaves.jpi
2019-01-31 19:49:32.967+0000 [id=177]	INFO	jenkins.InitReactorRunner$1#onAttained: Started initialization
2019-01-31 19:49:32.970+0000 [id=181]	INFO	jenkins.InitReactorRunner$1#onAttained: Listed all plugins
2019-01-31 19:49:32.971+0000 [id=184]	INFO	jenkins.InitReactorRunner$1#onAttained: Prepared all plugins
2019-01-31 19:49:32.972+0000 [id=180]	INFO	jenkins.InitReactorRunner$1#onAttained: Started all plugins
2019-01-31 19:49:32.973+0000 [id=177]	INFO	jenkins.InitReactorRunner$1#onAttained: Augmented all extensions
2019-01-31 19:49:32.974+0000 [id=180]	INFO	jenkins.InitReactorRunner$1#onAttained: Loaded all jobs
2019-01-31 19:49:32.975+0000 [id=180]	INFO	jenkins.InitReactorRunner$1#onAttained: Completed initialization
2019-01-31 19:49:40.445+0000 [id=101]	INFO	hudson.PluginManager#dynamicLoad: Plugin ssh-slaves:1.29.4 dynamically installed
2019-01-31 19:49:40.458+0000 [id=101]	INFO	h.model.UpdateCenter$DownloadJob#run: Installation successful: SSH Slaves
2019-01-31 19:49:40.459+0000 [id=101]	INFO	h.model.UpdateCenter$DownloadJob#run: Starting the installation of Matrix Authorization Strategy on behalf of admin
2019-01-31 19:49:41.372+0000 [id=101]	INFO	h.m.UpdateCenter$UpdateCenterConfiguration#download: Downloading Matrix Authorization Strategy
2019-01-31 19:49:41.936+0000 [id=101]	INFO	hudson.PluginManager#dynamicLoad: Attempting to dynamic load /var/jenkins_home/plugins/matrix-auth.jpi
2019-01-31 19:49:42.908+0000 [id=186]	INFO	jenkins.InitReactorRunner$1#onAttained: Started initialization
2019-01-31 19:49:42.911+0000 [id=190]	INFO	jenkins.InitReactorRunner$1#onAttained: Listed all plugins
2019-01-31 19:49:42.912+0000 [id=193]	INFO	jenkins.InitReactorRunner$1#onAttained: Prepared all plugins
2019-01-31 19:49:42.914+0000 [id=193]	INFO	jenkins.InitReactorRunner$1#onAttained: Started all plugins
2019-01-31 19:49:42.915+0000 [id=187]	INFO	jenkins.InitReactorRunner$1#onAttained: Augmented all extensions
2019-01-31 19:49:42.916+0000 [id=187]	INFO	jenkins.InitReactorRunner$1#onAttained: Loaded all jobs
2019-01-31 19:49:42.918+0000 [id=187]	INFO	jenkins.InitReactorRunner$1#onAttained: Completed initialization
2019-01-31 19:49:50.533+0000 [id=101]	INFO	hudson.PluginManager#dynamicLoad: Plugin matrix-auth:2.3 dynamically installed
2019-01-31 19:49:50.535+0000 [id=101]	INFO	h.model.UpdateCenter$DownloadJob#run: Installation successful: Matrix Authorization Strategy
2019-01-31 19:49:50.536+0000 [id=101]	INFO	h.model.UpdateCenter$DownloadJob#run: Starting the installation of PAM Authentication on behalf of admin
2019-01-31 19:49:51.367+0000 [id=101]	INFO	h.m.UpdateCenter$UpdateCenterConfiguration#download: Downloading PAM Authentication
2019-01-31 19:49:52.038+0000 [id=101]	INFO	hudson.PluginManager#dynamicLoad: Attempting to dynamic load /var/jenkins_home/plugins/pam-auth.jpi
2019-01-31 19:49:53.669+0000 [id=195]	INFO	jenkins.InitReactorRunner$1#onAttained: Started initialization
2019-01-31 19:49:53.672+0000 [id=199]	INFO	jenkins.InitReactorRunner$1#onAttained: Listed all plugins
2019-01-31 19:49:53.674+0000 [id=195]	INFO	jenkins.InitReactorRunner$1#onAttained: Prepared all plugins
2019-01-31 19:49:53.676+0000 [id=200]	INFO	jenkins.InitReactorRunner$1#onAttained: Started all plugins
2019-01-31 19:49:53.678+0000 [id=200]	INFO	jenkins.InitReactorRunner$1#onAttained: Augmented all extensions
2019-01-31 19:49:53.680+0000 [id=200]	INFO	jenkins.InitReactorRunner$1#onAttained: Loaded all jobs
2019-01-31 19:49:53.681+0000 [id=200]	INFO	jenkins.InitReactorRunner$1#onAttained: Completed initialization
2019-01-31 19:50:01.542+0000 [id=101]	INFO	hudson.PluginManager#dynamicLoad: Plugin pam-auth:1.4 dynamically installed
2019-01-31 19:50:01.543+0000 [id=101]	INFO	h.model.UpdateCenter$DownloadJob#run: Installation successful: PAM Authentication
2019-01-31 19:50:01.544+0000 [id=101]	INFO	h.model.UpdateCenter$DownloadJob#run: Starting the installation of LDAP on behalf of admin
2019-01-31 19:50:02.231+0000 [id=101]	INFO	h.m.UpdateCenter$UpdateCenterConfiguration#download: Downloading LDAP
2019-01-31 19:50:02.517+0000 [id=101]	INFO	hudson.PluginManager#dynamicLoad: Attempting to dynamic load /var/jenkins_home/plugins/ldap.jpi
2019-01-31 19:50:03.517+0000 [id=208]	INFO	jenkins.InitReactorRunner$1#onAttained: Started initialization
2019-01-31 19:50:03.519+0000 [id=212]	INFO	jenkins.InitReactorRunner$1#onAttained: Listed all plugins
2019-01-31 19:50:03.521+0000 [id=215]	INFO	jenkins.InitReactorRunner$1#onAttained: Prepared all plugins
2019-01-31 19:50:03.523+0000 [id=215]	INFO	jenkins.InitReactorRunner$1#onAttained: Started all plugins
2019-01-31 19:50:03.523+0000 [id=215]	INFO	jenkins.InitReactorRunner$1#onAttained: Augmented all extensions
2019-01-31 19:50:03.524+0000 [id=215]	INFO	jenkins.InitReactorRunner$1#onAttained: Loaded all jobs
2019-01-31 19:50:03.525+0000 [id=215]	INFO	jenkins.InitReactorRunner$1#onAttained: Completed initialization
2019-01-31 19:50:12.305+0000 [id=101]	INFO	hudson.PluginManager#dynamicLoad: Plugin ldap:1.20 dynamically installed
2019-01-31 19:50:12.309+0000 [id=101]	INFO	h.model.UpdateCenter$DownloadJob#run: Installation successful: LDAP
2019-01-31 19:50:12.311+0000 [id=101]	INFO	h.model.UpdateCenter$DownloadJob#run: Starting the installation of Email Extension on behalf of admin
2019-01-31 19:50:12.983+0000 [id=101]	INFO	h.m.UpdateCenter$UpdateCenterConfiguration#download: Downloading Email Extension
2019-01-31 19:50:13.800+0000 [id=101]	INFO	hudson.PluginManager#dynamicLoad: Attempting to dynamic load /var/jenkins_home/plugins/email-ext.jpi
2019-01-31 19:50:16.584+0000 [id=217]	INFO	jenkins.InitReactorRunner$1#onAttained: Started initialization
2019-01-31 19:50:16.587+0000 [id=221]	INFO	jenkins.InitReactorRunner$1#onAttained: Listed all plugins
2019-01-31 19:50:16.591+0000 [id=224]	INFO	jenkins.InitReactorRunner$1#onAttained: Prepared all plugins
2019-01-31 19:50:16.592+0000 [id=224]	INFO	jenkins.InitReactorRunner$1#onAttained: Started all plugins
2019-01-31 19:50:16.593+0000 [id=224]	INFO	jenkins.InitReactorRunner$1#onAttained: Augmented all extensions
2019-01-31 19:50:16.594+0000 [id=224]	INFO	jenkins.InitReactorRunner$1#onAttained: Loaded all jobs
2019-01-31 19:50:16.595+0000 [id=224]	INFO	jenkins.InitReactorRunner$1#onAttained: Completed initialization
2019-01-31 19:50:29.040+0000 [id=101]	INFO	hudson.PluginManager#dynamicLoad: Plugin email-ext:2.63 dynamically installed
2019-01-31 19:50:29.042+0000 [id=101]	INFO	h.model.UpdateCenter$DownloadJob#run: Installation successful: Email Extension
2019-01-31 19:50:29.044+0000 [id=101]	INFO	h.model.UpdateCenter$DownloadJob#run: Starting the installation of Mailer on behalf of admin
2019-01-31 19:50:30.350+0000 [id=101]	INFO	h.m.UpdateCenter$UpdateCenterConfiguration#download: Downloading Mailer
2019-01-31 19:50:31.100+0000 [id=101]	INFO	hudson.PluginManager#dynamicLoad: Attempting to dynamic load /var/jenkins_home/plugins/mailer.jpi
2019-01-31 19:53:15.911+0000 [id=11]	INFO	hudson.model.UpdateCenter#doSafeRestart: Scheduling Jenkins reboot
2019-01-31 19:53:15.943+0000 [id=239]	INFO	jenkins.model.Jenkins$23#run: Restart in 10 seconds
2019-01-31 19:53:25.946+0000 [id=239]	INFO	jenkins.model.Jenkins$23#run: Restarting VM as requested by admin
2019-01-31 19:53:25.949+0000 [id=239]	INFO	jenkins.model.Jenkins#cleanUp: Stopping Jenkins
2019-01-31 19:53:26.074+0000 [id=239]	INFO	jenkins.model.Jenkins$18#onAttained: Started termination
2019-01-31 19:53:26.092+0000 [id=239]	INFO	jenkins.model.Jenkins$18#onAttained: Completed termination
2019-01-31 19:53:26.093+0000 [id=239]	INFO	jenkins.model.Jenkins#_cleanUpDisconnectComputers: Starting node disconnection
2019-01-31 19:53:27.349+0000 [id=239]	INFO	jenkins.model.Jenkins#_cleanUpShutdownPluginManager: Stopping plugin manager
