Cloning the remote Git repository
Cloning repository https://github.com/SharePointOscar/mynginx.git
 > git init /var/jenkins_home/workspace/rePointOscar_mynginx_master-IDPVYVQ67I4XV76H6AKHZTNV2A5GCTP24ZUGFIBAFYPD6OA4SSIQ # timeout=10
Fetching upstream changes from https://github.com/SharePointOscar/mynginx.git
 > git --version # timeout=10
using GIT_ASKPASS to set credentials Github Access Token
 > git fetch --tags --progress https://github.com/SharePointOscar/mynginx.git +refs/heads/*:refs/remotes/origin/*
 > git config remote.origin.url https://github.com/SharePointOscar/mynginx.git # timeout=10
 > git config --add remote.origin.fetch +refs/heads/*:refs/remotes/origin/* # timeout=10
 > git config remote.origin.url https://github.com/SharePointOscar/mynginx.git # timeout=10
Fetching upstream changes from https://github.com/SharePointOscar/mynginx.git
using GIT_ASKPASS to set credentials Github Access Token
 > git fetch --tags --progress https://github.com/SharePointOscar/mynginx.git +refs/heads/*:refs/remotes/origin/*
 > git config remote.origin1.url https://github.com/SharePointOscar/mynginx.git # timeout=10
Fetching upstream changes from https://github.com/SharePointOscar/mynginx.git
using GIT_ASKPASS to set credentials Github Access Token
 > git fetch --tags --progress https://github.com/SharePointOscar/mynginx.git +refs/pull/*/head:refs/remotes/origin/pr/*
Checking out Revision 5f2617547bceb96e1df5c35b76a9c23a6a075f8f (master)
 > git config core.sparsecheckout # timeout=10
 > git checkout -f 5f2617547bceb96e1df5c35b76a9c23a6a075f8f
First time build. Skipping changelog.
