Started by timer
[Wed Apr 12 00:49:00 UTC 2017] Starting organization scan...
[Wed Apr 12 00:49:00 UTC 2017] Updating actions...
Looking up details of SharePointOscar...
Organization URL: [8mha:////4BAYLlPKEkwEwue3pOcTyX0jhit23V2d9jqpZdmlT2iJAAAAoh+LCAAAAAAAAP9b85aBtbiIQSajNKU4P08vOT+vOD8nVc+jsiC1KCczL9svvyTVzHb1RttJBUeZGJg8GdhyUvPSSzJ8GJhLi3JKGIR8shLLEvVzEvPS9YNLijLz0q0rihik0IxzhtAgwxgggJGJgaGiAMjgKWFQyigpKSi20tdPzyzJKE0C6srVD85ILEoNyM/MK/EvTk4sAgAhgplGpwAAAA==[0mOscar Medina
[Wed Apr 12 00:49:00 UTC 2017] Consulting GitHub Organization
[8mha:////4GHhSvgdwm40kFCn1Z+wI3wQIPRlNSBx2isavvRzpQFpAAAAhB+LCAAAAAAAAP9b85aBtbiIwSa/KF0vKzUvOzOvODlTryCnNB3I0kvPLMkoTYpPKkrMS86IL84vLUpO1XPPLPEoTXLOzyvOz0n1yy9JZYAARiYGRi8GzpLM3NTiksTcgooiBqmM0pTi/Dy9ZIhiPayaGCoKgHR0/KIJmwGDI1MEjgAAAA==[0mConnecting to https://api.github.com using sharepointoscar/****** (Github Access Token)
[8mha:////4IPZhlXbSQgO48xuoRKNk5vvNpRnf8I32KdJxbQ0LGAZAAAAhB+LCAAAAAAAAP9b85aBtbiIwSa/KF0vKzUvOzOvODlTryCnNB3I0kvPLMkoTYpPKkrMS86IL84vLUpO1XPPLPEoTXLOzyvOz0n1yy9JZYAARiYGRi8GzpLM3NTiksTcgooiBqmM0pTi/Dy9ZIhiPayaGCoKgHR0/KJJbAACBm6NjgAAAA==[0mLooking up repositories of myself SharePointOscar
Ignoring api-blueprint
Ignoring BikeLafayette
Ignoring bundle
Ignoring docker-windows-box
Ignoring dsg.nr
Ignoring dsgnrspider
Ignoring earthquakes
Ignoring eventplanner
Ignoring franken-berry-syntax-theme
Ignoring franken-berry-ui-theme
Ignoring JenkinsDocker
Ignoring JenkinsHome
Ignoring KikibeansApp
Ignoring mac
Ignoring MEANS
Proposing mynginx
Looking up [8mha:////4PfGZFOshHX7Mqb25HKgJIHNZBowyPP2NVMiR9psgWybAAAAqh+LCAAAAAAAAP9b85aBtbiIQSajNKU4P08vOT+vOD8nVc+jsiC1KCczL9svvyTVzHb1RttJBUeZGJg8GdhyUvPSSzJ8GJhLi3JKGIR8shLLEvVzEvPS9YNLijLz0q0rihik0IxzhtAgwxgggJGJgaGiAMgQL2HQyigpKSi20tdPzyzJKE0C6srVD85ILEoNyM/MK/EvTk4s0s+tzEvPzKsAAFCFRyqvAAAA[0mSharePointOscar/mynginx

  Getting remote pull requests...

  0 pull requests were processed

  Getting remote branches...

    Checking branch [8mha:////4G0eQ67ddL8hQHslNqujPYQWRvZxx1Wq2JzIXRKDW4fyAAAAsR+LCAAAAAAAAP9djLENwjAQRY8gMgAlYoa4SwFKRQNSBEiZwATLNjhn63xByRqsAQ1DMA47EJSO1/zX/Pf8wCwSLE17jh6z2mP0TmXbPihyFq97zyovHq/iHt4JJDtInULNpoRpS45hXl7kTQonUYuKyaJedwSLv9xm3F8MRiYJQBcGSRlywxziSght2bSn4dWIykhSR2+RD7GWJJoetcVOMCklGhlZ0RdUitnkuwAAAA==[0mmaster
      ‘Jenkinsfile’ found
    Met criteria

  0 branches were processed (query completed)

Done examining SharePointOscar/mynginx

Ignoring PackageManagementFiles
Ignoring pipeline-examples
Ignoring PlayDate
Ignoring profilePictureEditor
Ignoring Resume
Ignoring resume-editor
Ignoring sharepoint
Ignoring SharePoint-proxy-for-Sencha-Touch
Ignoring sharepointoscar.github.io
Ignoring sharepointoscar.theme-franken-berry-theme
Ignoring SnowGeek
Ignoring SP.me-iPhone-Edition
Ignoring SP.me-Public-Website
Ignoring SP.me-Windows-Phone-Edition
Ignoring three20
Ignoring UbuntuDesktop
Ignoring ZSPharmaLiterature
Proposing ZSPharmaLiteratureApp
Looking up [8mha:////4HuVckAjQS4/cKExjBiBMqLPs8X5TDvlm6cbru2zppWNAAAAth+LCAAAAAAAAP9djDEKwjAYhX8regBHcXVtNhGlg7goFC10c4s1JNE0CX/+SL2G19DFQ3gc72Clm295jw/e9/zAICBMVDwFZ9PK2eCMSDc3L9Boe9k5ErPs8cru/p1AsoWhEVaSyqEf0RCM8jO/cma4lawk1FYuG4Txn27d9U8GXXoJQOPbMSWYKyIfFoxJTSoe21fNSsVRFE5b2oeKIzuURUtqnmsSyCmiWHn/BVD5b+29AAAA[0mSharePointOscar/ZSPharmaLiteratureApp

  Getting remote pull requests...

  0 pull requests were processed

  Getting remote branches...

    Checking branch [8mha:////4BEJnQ65PhBfqiqemlDVDj2MAydBhIdRNWJgPeevzo8NAAAAvR+LCAAAAAAAAP9djLENwjAQRY8gMgAlYoa4owClQFCAFEGkdHQmnGKDY1vnCwprsAY0DME47EBQOn7zv5703/MDo0AwVc0pOJuUzgZnMNncPJLR9rJzjLP08Urv/h1BtIXYoK1YZTBsyDCMs7O8SmGkrUTBpG21aAkmf7pV3z8Z9BlEAK3vRsywVsw+zIWoNKvm2L1qUShJmDtteR9KSeJQ5B2pZaYZSXJDuPReMCGKWoaOfQGjy2XeyQAAAA==[0mmaster
      ‘Jenkinsfile’ not found
    Does not meet criteria

    Checking branch [8mha:////4Bt/gOAtzzS/elxOPPIABk6bFwhxbsMkXLg++50eqEnHAAAAvR+LCAAAAAAAAP9djTEKwkAURL8RtbcUz5DtLJQUIoJC0EA6uzV+squb3eXvj8RreA1tPITH8Q5G0jnNDAPz5vmBQSCYqvoUnI0LZ4MzGG9uHsloe9k5xlnyeCV3/44g2sLQoC1ZpdCvyTCM07O8SmGkLUXOpG25aAgmf7hV5z8YdOpFAI1vw4hhrZh9mAtRalb1sV1VIleSMHPa8j4UksQhz9qmkqlmJMk14dJ7wYQoGAO3v1+418VmygAAAA==[0mtesting
      ‘Jenkinsfile’ found
    Met criteria

  0 branches were processed (query completed)

Done examining SharePointOscar/ZSPharmaLiteratureApp

[Wed Apr 12 00:49:05 UTC 2017] Finished organization scan. Scan took 5.1 sec
Finished: SUCCESS
