[Thu Apr 06 22:13:34 UTC 2017] Received io.jenkins.blueocean.blueocean_github_pipeline.GithubPipelineCreateRequest$SCMSourceEventImpl CREATED event from https://api.github.com with timestamp Thu Apr 06 22:13:34 UTC 2017
[8mha:////4MiCcQs2Anq2c94kf/aU0v0gYae+7FQcoHTos1b6B/xuAAAAhB+LCAAAAAAAAP9b85aBtbiIwSa/KF0vKzUvOzOvODlTryCnNB3I0kvPLMkoTYpPKkrMS86IL84vLUpO1XPPLPEoTXLOzyvOz0n1yy9JZYAARiYGRi8GzpLM3NTiksTcgooiBqmM0pTi/Dy9ZIhiPayaGCoKgHS0a0jxAQCzG+E2jgAAAA==[0mConnecting to https://api.github.com using sharepointoscar/****** (Github Access Token)
[8mha:////4F6qgSL7Hp2885pHMFtkC/FgIPGjGwUZA3w3w4zK/wEXAAAAhB+LCAAAAAAAAP9b85aBtbiIwSa/KF0vKzUvOzOvODlTryCnNB3I0kvPLMkoTYpPKkrMS86IL84vLUpO1XPPLPEoTXLOzyvOz0n1yy9JZYAARiYGRi8GzpLM3NTiksTcgooiBqmM0pTi/Dy9ZIhiPayaGCoKgHS0a0ipDwA+c7WEjgAAAA==[0mLooking up repository mynginx of myself SharePointOscar
Proposing mynginx
Looking up [8mha:////4PfGZFOshHX7Mqb25HKgJIHNZBowyPP2NVMiR9psgWybAAAAqh+LCAAAAAAAAP9b85aBtbiIQSajNKU4P08vOT+vOD8nVc+jsiC1KCczL9svvyTVzHb1RttJBUeZGJg8GdhyUvPSSzJ8GJhLi3JKGIR8shLLEvVzEvPS9YNLijLz0q0rihik0IxzhtAgwxgggJGJgaGiAMgQL2HQyigpKSi20tdPzyzJKE0C6srVD85ILEoNyM/MK/EvTk4s0s+tzEvPzKsAAFCFRyqvAAAA[0mSharePointOscar/mynginx

  Getting remote pull requests...

  0 pull requests were processed

  Getting remote branches...

    Checking branch [8mha:////4G0eQ67ddL8hQHslNqujPYQWRvZxx1Wq2JzIXRKDW4fyAAAAsR+LCAAAAAAAAP9djLENwjAQRY8gMgAlYoa4SwFKRQNSBEiZwATLNjhn63xByRqsAQ1DMA47EJSO1/zX/Pf8wCwSLE17jh6z2mP0TmXbPihyFq97zyovHq/iHt4JJDtInULNpoRpS45hXl7kTQonUYuKyaJedwSLv9xm3F8MRiYJQBcGSRlywxziSght2bSn4dWIykhSR2+RD7GWJJoetcVOMCklGhlZ0RdUitnkuwAAAA==[0mmaster
      ‘Jenkinsfile’ found
    Met criteria

  0 branches were processed (query completed)

Done examining SharePointOscar/mynginx

[Thu Apr 06 22:13:36 UTC 2017] io.jenkins.blueocean.blueocean_github_pipeline.GithubPipelineCreateRequest$SCMSourceEventImpl CREATED event from https://api.github.com with timestamp Thu Apr 06 22:13:34 UTC 2017 processed in 1.9 sec
[Sat Apr 08 02:42:44 UTC 2017] Received io.jenkins.blueocean.blueocean_github_pipeline.GithubPipelineCreateRequest$SCMSourceEventImpl CREATED event from https://api.github.com with timestamp Sat Apr 08 02:42:44 UTC 2017
[8mha:////4AJdjrAGjbpYBLaQgfFfBXTL2vt/izuDHlT79u+GYtn3AAAAhB+LCAAAAAAAAP9b85aBtbiIwSa/KF0vKzUvOzOvODlTryCnNB3I0kvPLMkoTYpPKkrMS86IL84vLUpO1XPPLPEoTXLOzyvOz0n1yy9JZYAARiYGRi8GzpLM3NTiksTcgooiBqmM0pTi/Dy9ZIhiPayaGCoKgHS0d6HDTADrZGQOjgAAAA==[0mConnecting to https://api.github.com using sharepointoscar/****** (Github Access Token)
[8mha:////4O5LCXt6iBtLfnD6e+n4RbK7f4LR3O5gJdq50ByrJhpJAAAAhB+LCAAAAAAAAP9b85aBtbiIwSa/KF0vKzUvOzOvODlTryCnNB3I0kvPLMkoTYpPKkrMS86IL84vLUpO1XPPLPEoTXLOzyvOz0n1yy9JZYAARiYGRi8GzpLM3NTiksTcgooiBqmM0pTi/Dy9ZIhiPayaGCoKgHS0d6HjfwDHka6zjgAAAA==[0mLooking up repository ZSPharmaLiteratureApp of myself SharePointOscar
Proposing ZSPharmaLiteratureApp
Looking up [8mha:////4HuVckAjQS4/cKExjBiBMqLPs8X5TDvlm6cbru2zppWNAAAAth+LCAAAAAAAAP9djDEKwjAYhX8regBHcXVtNhGlg7goFC10c4s1JNE0CX/+SL2G19DFQ3gc72Clm295jw/e9/zAICBMVDwFZ9PK2eCMSDc3L9Boe9k5ErPs8cru/p1AsoWhEVaSyqEf0RCM8jO/cma4lawk1FYuG4Txn27d9U8GXXoJQOPbMSWYKyIfFoxJTSoe21fNSsVRFE5b2oeKIzuURUtqnmsSyCmiWHn/BVD5b+29AAAA[0mSharePointOscar/ZSPharmaLiteratureApp

  Getting remote pull requests...

  0 pull requests were processed

  Getting remote branches...

    Checking branch [8mha:////4BEJnQ65PhBfqiqemlDVDj2MAydBhIdRNWJgPeevzo8NAAAAvR+LCAAAAAAAAP9djLENwjAQRY8gMgAlYoa4owClQFCAFEGkdHQmnGKDY1vnCwprsAY0DME47EBQOn7zv5703/MDo0AwVc0pOJuUzgZnMNncPJLR9rJzjLP08Urv/h1BtIXYoK1YZTBsyDCMs7O8SmGkrUTBpG21aAkmf7pV3z8Z9BlEAK3vRsywVsw+zIWoNKvm2L1qUShJmDtteR9KSeJQ5B2pZaYZSXJDuPReMCGKWoaOfQGjy2XeyQAAAA==[0mmaster
      ‘Jenkinsfile’ not found
    Does not meet criteria

    Checking branch [8mha:////4O0xzyYN5/rkX6cgIGPKK4jw1mxJ9Gvw3x94BOaEP3kGAAAAvB+LCAAAAAAAAP9djLENwjAQRY+gMAAlYoa4owClQGlAiiBSOjoTTrHBsa3zBYU1WAMahmAcdiAoHb/5X0/67/mBOBDMVXsKziaVs8EZTDY3j2S0vewc4yJ9vNK7f0cQbWFi0Naschi3ZBim+VlepTDS1qJk0rZedQSzP1029E8GQ0YRQOf7ETNkitmHpRC1ZtUe+1cjSiUJC6ct70MlSRzKoieNzDUjSW4J194LJkTBGDh8AZpqg5LIAAAA[0mtests
      ‘Jenkinsfile’ found
    Met criteria

  0 branches were processed (query completed)

Done examining SharePointOscar/ZSPharmaLiteratureApp

[Sat Apr 08 02:42:47 UTC 2017] io.jenkins.blueocean.blueocean_github_pipeline.GithubPipelineCreateRequest$SCMSourceEventImpl CREATED event from https://api.github.com with timestamp Sat Apr 08 02:42:44 UTC 2017 processed in 2.2 sec
[Sat Apr 08 02:46:18 UTC 2017] Received io.jenkins.blueocean.blueocean_github_pipeline.GithubPipelineCreateRequest$SCMSourceEventImpl CREATED event from https://api.github.com with timestamp Sat Apr 08 02:46:18 UTC 2017
[8mha:////4NcJ2F7WCp1hFxUGHXLYcia4n5LKiZNPMj9kp5eZLVrRAAAAhB+LCAAAAAAAAP9b85aBtbiIwSa/KF0vKzUvOzOvODlTryCnNB3I0kvPLMkoTYpPKkrMS86IL84vLUpO1XPPLPEoTXLOzyvOz0n1yy9JZYAARiYGRi8GzpLM3NTiksTcgooiBqmM0pTi/Dy9ZIhiPayaGCoKgHS0d0nTSwDwYmahjgAAAA==[0mConnecting to https://api.github.com using sharepointoscar/****** (Github Access Token)
[8mha:////4B5SgIPnKMPfxAggwvXGuftlsh89LeAMO5qKbqe8OsG6AAAAhB+LCAAAAAAAAP9b85aBtbiIwSa/KF0vKzUvOzOvODlTryCnNB3I0kvPLMkoTYpPKkrMS86IL84vLUpO1XPPLPEoTXLOzyvOz0n1yy9JZYAARiYGRi8GzpLM3NTiksTcgooiBqmM0pTi/Dy9ZIhiPayaGCoKgHS0d0mLGwAPe1WxjgAAAA==[0mLooking up repository ZSPharmaLiteratureApp of myself SharePointOscar
Proposing ZSPharmaLiteratureApp
Looking up [8mha:////4HuVckAjQS4/cKExjBiBMqLPs8X5TDvlm6cbru2zppWNAAAAth+LCAAAAAAAAP9djDEKwjAYhX8regBHcXVtNhGlg7goFC10c4s1JNE0CX/+SL2G19DFQ3gc72Clm295jw/e9/zAICBMVDwFZ9PK2eCMSDc3L9Boe9k5ErPs8cru/p1AsoWhEVaSyqEf0RCM8jO/cma4lawk1FYuG4Txn27d9U8GXXoJQOPbMSWYKyIfFoxJTSoe21fNSsVRFE5b2oeKIzuURUtqnmsSyCmiWHn/BVD5b+29AAAA[0mSharePointOscar/ZSPharmaLiteratureApp

  Getting remote pull requests...

  0 pull requests were processed

  Getting remote branches...

    Checking branch [8mha:////4BEJnQ65PhBfqiqemlDVDj2MAydBhIdRNWJgPeevzo8NAAAAvR+LCAAAAAAAAP9djLENwjAQRY8gMgAlYoa4owClQFCAFEGkdHQmnGKDY1vnCwprsAY0DME47EBQOn7zv5703/MDo0AwVc0pOJuUzgZnMNncPJLR9rJzjLP08Urv/h1BtIXYoK1YZTBsyDCMs7O8SmGkrUTBpG21aAkmf7pV3z8Z9BlEAK3vRsywVsw+zIWoNKvm2L1qUShJmDtteR9KSeJQ5B2pZaYZSXJDuPReMCGKWoaOfQGjy2XeyQAAAA==[0mmaster
      ‘Jenkinsfile’ not found
    Does not meet criteria

    Checking branch [8mha:////4Bt/gOAtzzS/elxOPPIABk6bFwhxbsMkXLg++50eqEnHAAAAvR+LCAAAAAAAAP9djTEKwkAURL8RtbcUz5DtLJQUIoJC0EA6uzV+squb3eXvj8RreA1tPITH8Q5G0jnNDAPz5vmBQSCYqvoUnI0LZ4MzGG9uHsloe9k5xlnyeCV3/44g2sLQoC1ZpdCvyTCM07O8SmGkLUXOpG25aAgmf7hV5z8YdOpFAI1vw4hhrZh9mAtRalb1sV1VIleSMHPa8j4UksQhz9qmkqlmJMk14dJ7wYQoGAO3v1+418VmygAAAA==[0mtesting
      ‘Jenkinsfile’ found
    Met criteria

  0 branches were processed (query completed)

Done examining SharePointOscar/ZSPharmaLiteratureApp

[Sat Apr 08 02:46:20 UTC 2017] io.jenkins.blueocean.blueocean_github_pipeline.GithubPipelineCreateRequest$SCMSourceEventImpl CREATED event from https://api.github.com with timestamp Sat Apr 08 02:46:18 UTC 2017 processed in 2.2 sec
[Tue Apr 11 21:31:03 UTC 2017] Received io.jenkins.blueocean.blueocean_github_pipeline.GithubPipelineCreateRequest$SCMSourceEventImpl CREATED event from https://api.github.com with timestamp Tue Apr 11 21:31:03 UTC 2017
[8mha:////4OyGvxK+ZJdfdplQRf2JPtXgTcFlBpjqsO6RrS4wvEx5AAAAhB+LCAAAAAAAAP9b85aBtbiIwSa/KF0vKzUvOzOvODlTryCnNB3I0kvPLMkoTYpPKkrMS86IL84vLUpO1XPPLPEoTXLOzyvOz0n1yy9JZYAARiYGRi8GzpLM3NTiksTcgooiBqmM0pTi/Dy9ZIhiPayaGCoKgHR03NuQaAAb9m7GjgAAAA==[0mConnecting to https://api.github.com using sharepointoscar/****** (Github Access Token)
[8mha:////4OyGvxK+ZJdfdplQRf2JPtXgTcFlBpjqsO6RrS4wvEx5AAAAhB+LCAAAAAAAAP9b85aBtbiIwSa/KF0vKzUvOzOvODlTryCnNB3I0kvPLMkoTYpPKkrMS86IL84vLUpO1XPPLPEoTXLOzyvOz0n1yy9JZYAARiYGRi8GzpLM3NTiksTcgooiBqmM0pTi/Dy9ZIhiPayaGCoKgHR03NuQaAAb9m7GjgAAAA==[0mGitHub API Usage: Current quota has 4925 remaining (51 under budget). Next quota of 5000 in 1 hr 13 min
[8mha:////4AHSB/a/W5lGYHR48KJG++f0bzer6a72xirNhFM3Y8yAAAAAhB+LCAAAAAAAAP9b85aBtbiIwSa/KF0vKzUvOzOvODlTryCnNB3I0kvPLMkoTYpPKkrMS86IL84vLUpO1XPPLPEoTXLOzyvOz0n1yy9JZYAARiYGRi8GzpLM3NTiksTcgooiBqmM0pTi/Dy9ZIhiPayaGCoKgHR03NvQewD1sKdCjgAAAA==[0mLooking up repository mynginx of myself SharePointOscar
[8mha:////4FKIP8JhfQiiBy38juc8FhbbZdP8+oJJltZB0A8ccErCAAAAhB+LCAAAAAAAAP9b85aBtbiIwSa/KF0vKzUvOzOvODlTryCnNB3I0kvPLMkoTYpPKkrMS86IL84vLUpO1XPPLPEoTXLOzyvOz0n1yy9JZYAARiYGRi8GzpLM3NTiksTcgooiBqmM0pTi/Dy9ZIhiPayaGCoKgHR03NuwpQCCS12ujgAAAA==[0mGitHub API Usage: Current quota has 4922 remaining (49 under budget). Next quota of 5000 in 1 hr 13 min
Proposing mynginx
[8mha:////4KNnWl0YjESNikvRYL6ZcXK2ZOLBUFVYwOlhjUHP3XJ6AAAAhB+LCAAAAAAAAP9b85aBtbiIwSa/KF0vKzUvOzOvODlTryCnNB3I0kvPLMkoTYpPKkrMS86IL84vLUpO1XPPLPEoTXLOzyvOz0n1yy9JZYAARiYGRi8GzpLM3NTiksTcgooiBqmM0pTi/Dy9ZIhiPayaGCoKgHR03NtwVwC7mEwXjgAAAA==[0mGitHub API Usage: Current quota has 4921 remaining (48 under budget). Next quota of 5000 in 1 hr 13 min
Looking up [8mha:////4PfGZFOshHX7Mqb25HKgJIHNZBowyPP2NVMiR9psgWybAAAAqh+LCAAAAAAAAP9b85aBtbiIQSajNKU4P08vOT+vOD8nVc+jsiC1KCczL9svvyTVzHb1RttJBUeZGJg8GdhyUvPSSzJ8GJhLi3JKGIR8shLLEvVzEvPS9YNLijLz0q0rihik0IxzhtAgwxgggJGJgaGiAMgQL2HQyigpKSi20tdPzyzJKE0C6srVD85ILEoNyM/MK/EvTk4s0s+tzEvPzKsAAFCFRyqvAAAA[0mSharePointOscar/mynginx

  Getting remote pull requests...

  0 pull requests were processed

  Getting remote branches...
[8mha:////4F9SVTHbxPFiTCIHpTCxlwAjAOOyd1ZZIJuJfa56vOvSAAAAhB+LCAAAAAAAAP9b85aBtbiIwSa/KF0vKzUvOzOvODlTryCnNB3I0kvPLMkoTYpPKkrMS86IL84vLUpO1XPPLPEoTXLOzyvOz0n1yy9JZYAARiYGRi8GzpLM3NTiksTcgooiBqmM0pTi/Dy9ZIhiPayaGCoKgHR03NvIAwCawh0UjgAAAA==[0mGitHub API Usage: Current quota has 4917 remaining (45 under budget). Next quota of 5000 in 1 hr 13 min

    Checking branch [8mha:////4G0eQ67ddL8hQHslNqujPYQWRvZxx1Wq2JzIXRKDW4fyAAAAsR+LCAAAAAAAAP9djLENwjAQRY8gMgAlYoa4SwFKRQNSBEiZwATLNjhn63xByRqsAQ1DMA47EJSO1/zX/Pf8wCwSLE17jh6z2mP0TmXbPihyFq97zyovHq/iHt4JJDtInULNpoRpS45hXl7kTQonUYuKyaJedwSLv9xm3F8MRiYJQBcGSRlywxziSght2bSn4dWIykhSR2+RD7GWJJoetcVOMCklGhlZ0RdUitnkuwAAAA==[0mmaster
[8mha:////4PNyxWs5FyX1hFUm0C9/nsFaSVXBQThdGYW2YnC6Q0lBAAAAhB+LCAAAAAAAAP9b85aBtbiIwSa/KF0vKzUvOzOvODlTryCnNB3I0kvPLMkoTYpPKkrMS86IL84vLUpO1XPPLPEoTXLOzyvOz0n1yy9JZYAARiYGRi8GzpLM3NTiksTcgooiBqmM0pTi/Dy9ZIhiPayaGCoKgHR03NvIgwAM8hpjjgAAAA==[0mGitHub API Usage: Current quota has 4917 remaining (45 under budget). Next quota of 5000 in 1 hr 13 min
      ‘Jenkinsfile’ found
    Met criteria

  0 branches were processed (query completed)

Done examining SharePointOscar/mynginx

[Tue Apr 11 21:31:05 UTC 2017] io.jenkins.blueocean.blueocean_github_pipeline.GithubPipelineCreateRequest$SCMSourceEventImpl CREATED event from https://api.github.com with timestamp Tue Apr 11 21:31:03 UTC 2017 processed in 1.9 sec
[Fri Jun 09 00:47:26 UTC 2017] Received io.jenkins.blueocean.blueocean_github_pipeline.GithubPipelineCreateRequest$SCMSourceEventImpl CREATED event from https://api.github.com with timestamp Fri Jun 09 00:47:26 UTC 2017
[8mha:////4KN6j/Zl87TauDOLeOLBfnLXr16VtiHhR9o8CkHZw7pnAAAAhB+LCAAAAAAAAP9b85aBtbiIwSa/KF0vKzUvOzOvODlTryCnNB3I0kvPLMkoTYpPKkrMS86IL84vLUpO1XPPLPEoTXLOzyvOz0n1yy9JZYAARiYGRi8GzpLM3NTiksTcgooiBqmM0pTi/Dy9ZIhiPayaGCoKgHRMV+C39QDf6903jgAAAA==[0mConnecting to https://api.github.com using sharepointoscar/****** (Github Access Token)
[8mha:////4JVRRB5/GLOST0AkiugxiKHvjq+hLkL7lKZFCASkAbfIAAAAhB+LCAAAAAAAAP9b85aBtbiIwSa/KF0vKzUvOzOvODlTryCnNB3I0kvPLMkoTYpPKkrMS86IL84vLUpO1XPPLPEoTXLOzyvOz0n1yy9JZYAARiYGRi8GzpLM3NTiksTcgooiBqmM0pTi/Dy9ZIhiPayaGCoKgHRMV+CP7wCXH+7MjgAAAA==[0mLooking up repository packer-windows of myself SharePointOscar
Proposing packer-windows
Looking up [8mha:////4IIEYgzh2a7CaZCuCfQNE2to7draJ5rIQ2vSIJBIebEtAAAAsR+LCAAAAAAAAP9b85aBtbiIQSajNKU4P08vOT+vOD8nVc+jsiC1KCczL9svvyTVzHb1RttJBUeZGJg8GdhyUvPSSzJ8GJhLi3JKGIR8shLLEvVzEvPS9YNLijLz0q0rihik0IxzhtAgwxgggJGJgaGiAMiQK2EwzCgpKSi20tdPzyzJKE0C6srVD85ILEoNyM/MK/EvTk4s0i9ITM5OLdItz8xLyS8vBgBuXrvwtgAAAA==[0mSharePointOscar/packer-windows

  Getting remote pull requests...

  0 pull requests were processed

  Getting remote branches...

    Checking branch [8mha:////4KJt8rgub3oWBTfai6A6dTwOCJV5XRgxpuezezJ3OZIxAAAAtx+LCAAAAAAAAP9djLENwjAQRY8gMgAlYgXijgKUigakCJAygUlOsYljW+cLCWuwBjQMwTjsQBAdr/mv+e/xhkkgmKu2DM4mhbPBGUy2V49ktK33jnGZ3p/pzb8iiHYQG7QVqwzGLRmGaXaWFymMtJXImbSt1j3B7C+3+e03Bj9GEUDvB4kZUsXsw0qISrNqT8OrEbmShEenLR9CIUl4WdRIi07b0nVBMCGKRgZG+gC5NyU3wgAAAA==[0mmaster
      ‘Jenkinsfile’ found
    Met criteria

  0 branches were processed (query completed)

Done examining SharePointOscar/packer-windows

[Fri Jun 09 00:47:28 UTC 2017] io.jenkins.blueocean.blueocean_github_pipeline.GithubPipelineCreateRequest$SCMSourceEventImpl CREATED event from https://api.github.com with timestamp Fri Jun 09 00:47:26 UTC 2017 processed in 2.1 sec
[Fri Jun 09 00:52:07 UTC 2017] Received io.jenkins.blueocean.blueocean_github_pipeline.GithubPipelineCreateRequest$SCMSourceEventImpl CREATED event from https://api.github.com with timestamp Fri Jun 09 00:52:07 UTC 2017
[8mha:////4Bi3k4J4UIRzKR5icox3twv3470dQuucrqf6amUyTdpZAAAAhB+LCAAAAAAAAP9b85aBtbiIwSa/KF0vKzUvOzOvODlTryCnNB3I0kvPLMkoTYpPKkrMS86IL84vLUpO1XPPLPEoTXLOzyvOz0n1yy9JZYAARiYGRi8GzpLM3NTiksTcgooiBqmM0pTi/Dy9ZIhiPayaGCoKgHRMV5izIQDkGZe8jgAAAA==[0mConnecting to https://api.github.com using sharepointoscar/****** (Github Access Token)
[8mha:////4Fs2Ssc+J+orn+5XRVRM3xXWqwXUghHtsM/h1rLMAI2iAAAAhB+LCAAAAAAAAP9b85aBtbiIwSa/KF0vKzUvOzOvODlTryCnNB3I0kvPLMkoTYpPKkrMS86IL84vLUpO1XPPLPEoTXLOzyvOz0n1yy9JZYAARiYGRi8GzpLM3NTiksTcgooiBqmM0pTi/Dy9ZIhiPayaGCoKgHRMV5jLWQAUMd1HjgAAAA==[0mLooking up repository packer-windows of myself SharePointOscar
Proposing packer-windows
Looking up [8mha:////4IIEYgzh2a7CaZCuCfQNE2to7draJ5rIQ2vSIJBIebEtAAAAsR+LCAAAAAAAAP9b85aBtbiIQSajNKU4P08vOT+vOD8nVc+jsiC1KCczL9svvyTVzHb1RttJBUeZGJg8GdhyUvPSSzJ8GJhLi3JKGIR8shLLEvVzEvPS9YNLijLz0q0rihik0IxzhtAgwxgggJGJgaGiAMiQK2EwzCgpKSi20tdPzyzJKE0C6srVD85ILEoNyM/MK/EvTk4s0i9ITM5OLdItz8xLyS8vBgBuXrvwtgAAAA==[0mSharePointOscar/packer-windows

  Getting remote pull requests...

  0 pull requests were processed

  Getting remote branches...

    Checking branch [8mha:////4KJt8rgub3oWBTfai6A6dTwOCJV5XRgxpuezezJ3OZIxAAAAtx+LCAAAAAAAAP9djLENwjAQRY8gMgAlYgXijgKUigakCJAygUlOsYljW+cLCWuwBjQMwTjsQBAdr/mv+e/xhkkgmKu2DM4mhbPBGUy2V49ktK33jnGZ3p/pzb8iiHYQG7QVqwzGLRmGaXaWFymMtJXImbSt1j3B7C+3+e03Bj9GEUDvB4kZUsXsw0qISrNqT8OrEbmShEenLR9CIUl4WdRIi07b0nVBMCGKRgZG+gC5NyU3wgAAAA==[0mmaster
      ‘Jenkinsfile’ found
    Met criteria

  0 branches were processed (query completed)

Done examining SharePointOscar/packer-windows

[Fri Jun 09 00:52:09 UTC 2017] io.jenkins.blueocean.blueocean_github_pipeline.GithubPipelineCreateRequest$SCMSourceEventImpl CREATED event from https://api.github.com with timestamp Fri Jun 09 00:52:07 UTC 2017 processed in 2 sec
