Started
[Wed Apr 12 00:49:03 UTC 2017] Starting branch indexing...
[8mha:////4NLxwStOjJ0eQDsSD8QPBbjJRHBKqihmzJzRWRRgDZQ6AAAAhB+LCAAAAAAAAP9b85aBtbiIwSa/KF0vKzUvOzOvODlTryCnNB3I0kvPLMkoTYpPKkrMS86IL84vLUpO1XPPLPEoTXLOzyvOz0n1yy9JZYAARiYGRi8GzpLM3NTiksTcgooiBqmM0pTi/Dy9ZIhiPayaGCoKgHR0/KIZFwH/qTZvjgAAAA==[0mConnecting to https://api.github.com using sharepointoscar/****** (Github Access Token)
Looking up [8mha:////4PfGZFOshHX7Mqb25HKgJIHNZBowyPP2NVMiR9psgWybAAAAqh+LCAAAAAAAAP9b85aBtbiIQSajNKU4P08vOT+vOD8nVc+jsiC1KCczL9svvyTVzHb1RttJBUeZGJg8GdhyUvPSSzJ8GJhLi3JKGIR8shLLEvVzEvPS9YNLijLz0q0rihik0IxzhtAgwxgggJGJgaGiAMgQL2HQyigpKSi20tdPzyzJKE0C6srVD85ILEoNyM/MK/EvTk4s0s+tzEvPzKsAAFCFRyqvAAAA[0mSharePointOscar/mynginx

  Getting remote pull requests...

  0 pull requests were processed

  Getting remote branches...

    Checking branch [8mha:////4G0eQ67ddL8hQHslNqujPYQWRvZxx1Wq2JzIXRKDW4fyAAAAsR+LCAAAAAAAAP9djLENwjAQRY8gMgAlYoa4SwFKRQNSBEiZwATLNjhn63xByRqsAQ1DMA47EJSO1/zX/Pf8wCwSLE17jh6z2mP0TmXbPihyFq97zyovHq/iHt4JJDtInULNpoRpS45hXl7kTQonUYuKyaJedwSLv9xm3F8MRiYJQBcGSRlywxziSght2bSn4dWIykhSR2+RD7GWJJoetcVOMCklGhlZ0RdUitnkuwAAAA==[0mmaster
      ‘Jenkinsfile’ found
    Met criteria
Changes detected: master (1e410ad4bd2627b3a150426dc1ebf5cda3bf9496 → d2bbc8726eeaedc2a79e3d9d3c29974d6c6a0bb9)
Scheduled build for branch: master

    Checking branch [8mha:////4B704TcO4iFhRqZdeA5Ahsdxm6a33uhuTO7+NuJqNXyQAAAAsR+LCAAAAAAAAP9djL0NwjAQRo/wMwAlYoZcgyhAqWhAigApE5hg2QbnbNkXlKzBGtAwBOOwA0HpeM33mu89PzCOAea6PkdHaekoOivTbetlsIaue8dymT1e2d2/E0h2MLGSFOschnWwDNP8Im4CrSCFBQdDat0EmP3lNv3+YtAzSAAa38mIYaGZfVwhKsO6PnWvCgstgjw6Q3yIpQhYtaQMNchBSmQZ+QsOhe3BuQAAAA==[0mtest
      ‘Jenkinsfile’ found
    Met criteria
Changes detected: test (a5cf121677d6c52bbddd3ba1f746e0edc67cf55c → a57509a83b2d1c665bf7b2192c821acdccb298e4)
Scheduled build for branch: test

  2 branches were processed

Done examining SharePointOscar/mynginx

[Wed Apr 12 00:49:05 UTC 2017] Finished branch indexing. Indexing took 2 sec
Finished: SUCCESS
